#
# A fatal error has been detected by the Java Runtime Environment:
#
#  EXCEPTION_ACCESS_VIOLATION (0xc0000005) at pc=0x00007ffb7f7326f6, pid=2400, tid=2716
#
# JRE version: OpenJDK Runtime Environment Microsoft-40648 (11.0.16.1+1) (build 11.0.16.1+1-LTS)
# Java VM: OpenJDK 64-Bit Server VM Microsoft-40648 (11.0.16.1+1-LTS, mixed mode, tiered, compressed oops, g1 gc, windows-amd64)
# Problematic frame:
# V  [jvm.dll+0xc26f6]
#
# No core dump will be written. Minidumps are not enabled by default on client versions of Windows
#
# If you would like to submit a bug report, please visit:
#   https://github.com/microsoft/openjdk/issues
#

---------------  S U M M A R Y ------------

Command Line: -XX:MaxMetaspaceSize=512m --add-opens=java.base/java.util=ALL-UNNAMED --add-opens=java.base/java.lang=ALL-UNNAMED --add-opens=java.base/java.lang.invoke=ALL-UNNAMED --add-opens=java.base/java.util=ALL-UNNAMED --add-opens=java.prefs/java.util.prefs=ALL-UNNAMED --add-opens=java.prefs/java.util.prefs=ALL-UNNAMED --add-opens=java.base/java.nio.charset=ALL-UNNAMED --add-opens=java.base/java.net=ALL-UNNAMED --add-opens=java.base/java.util.concurrent.atomic=ALL-UNNAMED -Xmx2048m -Dfile.encoding=windows-1252 -Duser.country=US -Duser.language=en -Duser.variant org.gradle.launcher.daemon.bootstrap.GradleDaemon 7.5.1

Host: Intel(R) Core(TM) i5-3427U CPU @ 1.80GHz, 4 cores, 7G,  Windows 11 , 64 bit Build 22000 (10.0.22000.1335)
Time: Mon Feb  6 21:37:41 2023 Pakistan Standard Time elapsed time: 62.465988 seconds (0d 0h 1m 2s)

---------------  T H R E A D  ---------------

Current thread (0x000002504380c000):  JavaThread "C2 CompilerThread1" daemon [_thread_in_native, id=2716, stack(0x000000ba13a00000,0x000000ba13b00000)]


Current CompileTask:
C2:  62466 13808       4       org.gradle.api.internal.artifacts.configurations.Configurations::collectCapabilities (73 bytes)

Stack: [0x000000ba13a00000,0x000000ba13b00000],  sp=0x000000ba13afb780,  free space=1005k
Native frames: (J=compiled Java code, j=interpreted, Vv=VM code, C=native code)
V  [jvm.dll+0xc26f6]
V  [jvm.dll+0x603fef]
V  [jvm.dll+0x6044dd]
V  [jvm.dll+0x3285b2]
V  [jvm.dll+0x3284a7]
V  [jvm.dll+0x325df3]
V  [jvm.dll+0x32533a]
V  [jvm.dll+0x208fd5]
V  [jvm.dll+0x2080fd]
V  [jvm.dll+0x18a411]
V  [jvm.dll+0x217954]
V  [jvm.dll+0x215b9b]
V  [jvm.dll+0x775d50]
V  [jvm.dll+0x76ec84]
V  [jvm.dll+0x625395]
C  [ucrtbase.dll+0x26c0c]
C  [KERNEL32.DLL+0x155a0]
C  [ntdll.dll+0x485b]


siginfo: EXCEPTION_ACCESS_VIOLATION (0xc0000005), reading address 0x000000ba13ade5c8


Register to memory mapping:

RIP=0x00007ffb7f7326f6 jvm.dll
RAX=0x0000000000000008 is an unknown value
RBX=0x000002504bfd19a0 points into unknown readable memory: 0x000002504bfd18a8 | a8 18 fd 4b 50 02 00 00
RCX=0x000000ba13ade5b0 is pointing into the stack for thread: 0x000002504380c000
RDX=0x000002504bfd19a0 points into unknown readable memory: 0x000002504bfd18a8 | a8 18 fd 4b 50 02 00 00
RSP=0x000000ba13afb780 is pointing into the stack for thread: 0x000002504380c000
RBP=0x0000000000000004 is an unknown value
RSI=0x0000000000000020 is an unknown value
RDI=0x000000ba13ade5b0 is pointing into the stack for thread: 0x000002504380c000
R8 =0x0000000000000020 is an unknown value
R9 =0x0000000000000040 is an unknown value
R10=0x000002504bfd19a0 points into unknown readable memory: 0x000002504bfd18a8 | a8 18 fd 4b 50 02 00 00
R11=0x00000250403b96c0 points into unknown readable memory: 0x000002504b0913d0 | d0 13 09 4b 50 02 00 00
R12=0x000002504b096958 points into unknown readable memory: 0x0000000000000000 | 00 00 00 00 00 00 00 00
R13=0x000000ba13afbdf0 is pointing into the stack for thread: 0x000002504380c000
R14=0x000000ba13afbdf0 is pointing into the stack for thread: 0x000002504380c000
R15=0x000002504b096808 points into unknown readable memory: 0x00007ffb7fe8b980 | 80 b9 e8 7f fb 7f 00 00


Registers:
RAX=0x0000000000000008, RBX=0x000002504bfd19a0, RCX=0x000000ba13ade5b0, RDX=0x000002504bfd19a0
RSP=0x000000ba13afb780, RBP=0x0000000000000004, RSI=0x0000000000000020, RDI=0x000000ba13ade5b0
R8 =0x0000000000000020, R9 =0x0000000000000040, R10=0x000002504bfd19a0, R11=0x00000250403b96c0
R12=0x000002504b096958, R13=0x000000ba13afbdf0, R14=0x000000ba13afbdf0, R15=0x000002504b096808
RIP=0x00007ffb7f7326f6, EFLAGS=0x0000000000010206

Top of Stack: (sp=0x000000ba13afb780)
0x000000ba13afb780:   000002504bfd1848 0000000000000020
0x000000ba13afb790:   000002504c432940 0000025000000010
0x000000ba13afb7a0:   000000ba13afbdf0 00007ffb7fc73fef
0x000000ba13afb7b0:   0000000000000020 0000000000000004
0x000000ba13afb7c0:   0000000000000004 000002504bfd1920
0x000000ba13afb7d0:   0000025000000000 00000000000018c9
0x000000ba13afb7e0:   000002504b096808 00007ffb7fc744dd
0x000000ba13afb7f0:   000002504bfd1920 000002504b096808
0x000000ba13afb800:   0000000000000001 0000000000000000
0x000000ba13afb810:   000002504bfd1910 00007ffb7f9985b2
0x000000ba13afb820:   0000000000000001 000002504b096980
0x000000ba13afb830:   000000000000000d 000002504b096808
0x000000ba13afb840:   000002504b096808 000002504b096808
0x000000ba13afb850:   000000ba13afbdf0 000002504b096958
0x000000ba13afb860:   000002504b096901 000002504a7520d0
0x000000ba13afb870:   000002504bfd1a68 00007ffb7f9984a7 

Instructions: (pc=0x00007ffb7f7326f6)
0x00007ffb7f7325f6:   c6 6b 55 00 48 8b f0 48 85 c0 75 2f 85 ff 75 2b
0x00007ffb7f732606:   48 8d 05 bb c7 7b 00 41 b9 01 00 00 e0 4c 8b c3
0x00007ffb7f732616:   48 89 44 24 20 ba c5 00 00 00 48 8d 0d 69 c7 7b
0x00007ffb7f732626:   00 e8 14 d6 18 00 e8 1f c0 55 00 48 8b c6 48 8b
0x00007ffb7f732636:   b4 24 90 00 00 00 48 8b 9c 24 98 00 00 00 48 81
0x00007ffb7f732646:   c4 80 00 00 00 5f c3 48 8b 0d bc 80 9e 00 eb 19
0x00007ffb7f732656:   48 8b 0d bb 80 9e 00 eb 10 48 8b 0d ba 80 9e 00
0x00007ffb7f732666:   eb 07 48 8b 0d b9 80 9e 00 44 8b c7 48 8b d3 48
0x00007ffb7f732676:   8b 9c 24 98 00 00 00 48 81 c4 80 00 00 00 5f e9
0x00007ffb7f732686:   f6 00 00 00 cc cc cc cc cc cc e9 1b 6e ff ff cc
0x00007ffb7f732696:   cc cc cc cc cc cc cc cc cc cc 48 89 5c 24 08 48
0x00007ffb7f7326a6:   89 6c 24 10 48 89 74 24 18 48 89 7c 24 20 41 56
0x00007ffb7f7326b6:   48 83 ec 20 49 8b f0 48 8b da 48 8b f9 4d 85 c9
0x00007ffb7f7326c6:   75 1a 48 85 d2 74 76 4a 8d 04 02 48 3b 41 18 75
0x00007ffb7f7326d6:   6c 48 89 51 18 33 c0 e9 80 00 00 00 48 85 db 75
0x00007ffb7f7326e6:   0f 44 8b 44 24 50 49 8b d1 e8 1c 6f ff ff eb 6c
0x00007ffb7f7326f6:   48 8b 49 18 4a 8d 2c 02 4c 3b ce 77 12 48 3b e9
0x00007ffb7f732706:   75 08 4a 8d 04 0a 48 89 47 18 48 8b c3 eb 4d 49
0x00007ffb7f732716:   8d 41 0f 48 83 e0 f0 48 3b e9 75 09 48 03 c3 48
0x00007ffb7f732726:   3b 47 20 76 e1 44 8b 44 24 50 49 8b d1 48 8b cf
0x00007ffb7f732736:   e8 d5 6e ff ff 4c 8b f0 48 85 c0 75 04 33 c0 eb
0x00007ffb7f732746:   1b 4c 8b c6 48 8b d3 49 8b ce e8 91 54 72 00 48
0x00007ffb7f732756:   3b 6f 18 75 04 48 89 5f 18 49 8b c6 48 8b 5c 24
0x00007ffb7f732766:   30 48 8b 6c 24 38 48 8b 74 24 40 48 8b 7c 24 48
0x00007ffb7f732776:   48 83 c4 20 41 5e c3 cc cc cc 48 8b c4 48 89 58
0x00007ffb7f732786:   10 48 89 68 18 48 89 70 20 57 48 81 ec 80 00 00
0x00007ffb7f732796:   00 48 8b d9 41 8b e8 48 8d 48 08 48 8b f2 e8 c7
0x00007ffb7f7327a6:   47 6b 00 48 ff 43 10 48 8b 3b 48 85 ff 74 0a 48
0x00007ffb7f7327b6:   8b 07 48 ff 4b 08 48 89 03 48 8d 8c 24 90 00 00
0x00007ffb7f7327c6:   00 e8 14 48 6b 00 48 85 ff 0f 85 c0 00 00 00 8b
0x00007ffb7f7327d6:   05 f1 21 9a 00 3d ff 00 00 00 75 17 e8 b9 d5 4f
0x00007ffb7f7327e6:   00 89 05 df 21 9a 00 8b 05 d9 21 9a 00 89 05 d7 


Stack slot to memory mapping:
stack at sp + 0 slots: 0x000002504bfd1848 points into unknown readable memory: 0x000002504bfd1750 | 50 17 fd 4b 50 02 00 00
stack at sp + 1 slots: 0x0000000000000020 is an unknown value
stack at sp + 2 slots: 0x000002504c432940 points into unknown readable memory: 0x0000000000000006 | 06 00 00 00 00 00 00 00
stack at sp + 3 slots: 0x0000025000000010 is an unknown value
stack at sp + 4 slots: 0x000000ba13afbdf0 is pointing into the stack for thread: 0x000002504380c000
stack at sp + 5 slots: 0x00007ffb7fc73fef jvm.dll
stack at sp + 6 slots: 0x0000000000000020 is an unknown value
stack at sp + 7 slots: 0x0000000000000004 is an unknown value


---------------  P R O C E S S  ---------------

Threads class SMR info:
_java_thread_list=0x000002504eedb8f0, length=87, elements={
0x0000025020e71800, 0x000002503f6a1000, 0x000002503f6a2800, 0x000002503f6fa800,
0x000002503f6fe000, 0x0000025040000800, 0x0000025040001000, 0x000002504003d800,
0x000002504006b800, 0x0000025040162000, 0x0000025042c59800, 0x00000250424c5800,
0x00000250413be000, 0x00000250426cf800, 0x000002504248b800, 0x0000025041b71800,
0x0000025042baf800, 0x000002504243f800, 0x00000250414e6000, 0x00000250414e7000,
0x00000250424e0800, 0x00000250424e1000, 0x00000250424e5000, 0x00000250424e4800,
0x00000250424e3800, 0x00000250424e6000, 0x00000250424e2800, 0x00000250424e7000,
0x00000250424e2000, 0x0000025041efc800, 0x0000025041f01800, 0x0000025041efd000,
0x0000025041eff000, 0x0000025041efb800, 0x0000025041f03800, 0x0000025041f02000,
0x0000025041f08000, 0x0000025041f08800, 0x0000025041f05800, 0x0000025041f03000,
0x0000025041f07000, 0x0000025041f09800, 0x0000025041f06000, 0x0000025041f0a800,
0x0000025041f04800, 0x00000250416cb000, 0x00000250416c7800, 0x00000250416ca000,
0x00000250416ce000, 0x00000250416cd800, 0x00000250416c8800, 0x00000250416c9800,
0x00000250416d0000, 0x00000250416cf000, 0x00000250416d0800, 0x00000250416d1800,
0x00000250416cc000, 0x00000250416cc800, 0x00000250416d2800, 0x00000250416d5000,
0x00000250416d3000, 0x00000250416d5800, 0x00000250416d6800, 0x00000250416d4000,
0x0000025041ed5000, 0x0000025041ed7000, 0x0000025041ed4800, 0x0000025041ed6000,
0x0000025041ed7800, 0x0000025041ed3800, 0x0000025041edd800, 0x0000025041ed8800,
0x0000025041edf000, 0x0000025041edc800, 0x0000025041ed9800, 0x0000025041ee0000,
0x0000025041ee0800, 0x0000025041edb000, 0x0000025041ede000, 0x0000025041ee1800,
0x0000025041edb800, 0x0000025041ee2800, 0x00000250468e2000, 0x00000250468e3000,
0x00000250468e4800, 0x00000250468e6800, 0x000002504380c000
}

Java Threads: ( => current thread )
  0x0000025020e71800 JavaThread "main" [_thread_blocked, id=7748, stack(0x000000ba11900000,0x000000ba11a00000)]
  0x000002503f6a1000 JavaThread "Reference Handler" daemon [_thread_blocked, id=5320, stack(0x000000ba12000000,0x000000ba12100000)]
  0x000002503f6a2800 JavaThread "Finalizer" daemon [_thread_blocked, id=5328, stack(0x000000ba12100000,0x000000ba12200000)]
  0x000002503f6fa800 JavaThread "Signal Dispatcher" daemon [_thread_blocked, id=9648, stack(0x000000ba12200000,0x000000ba12300000)]
  0x000002503f6fe000 JavaThread "Attach Listener" daemon [_thread_blocked, id=7616, stack(0x000000ba12300000,0x000000ba12400000)]
  0x0000025040000800 JavaThread "Service Thread" daemon [_thread_blocked, id=5460, stack(0x000000ba12400000,0x000000ba12500000)]
  0x0000025040001000 JavaThread "C2 CompilerThread0" daemon [_thread_in_native, id=5452, stack(0x000000ba12500000,0x000000ba12600000)]
  0x000002504003d800 JavaThread "C1 CompilerThread0" daemon [_thread_blocked, id=8508, stack(0x000000ba12600000,0x000000ba12700000)]
  0x000002504006b800 JavaThread "Sweeper thread" daemon [_thread_blocked, id=8344, stack(0x000000ba12700000,0x000000ba12800000)]
  0x0000025040162000 JavaThread "Common-Cleaner" daemon [_thread_blocked, id=7692, stack(0x000000ba12800000,0x000000ba12900000)]
  0x0000025042c59800 JavaThread "Daemon health stats" [_thread_blocked, id=5324, stack(0x000000ba12d00000,0x000000ba12e00000)]
  0x00000250424c5800 JavaThread "Incoming local TCP Connector on port 49736" [_thread_in_native, id=4448, stack(0x000000ba12a00000,0x000000ba12b00000)]
  0x00000250413be000 JavaThread "Daemon periodic checks" [_thread_blocked, id=5468, stack(0x000000ba12e00000,0x000000ba12f00000)]
  0x00000250426cf800 JavaThread "Daemon" [_thread_blocked, id=8864, stack(0x000000ba12f00000,0x000000ba13000000)]
  0x000002504248b800 JavaThread "Handler for socket connection from /127.0.0.1:49736 to /127.0.0.1:49737" [_thread_in_native, id=4960, stack(0x000000ba13000000,0x000000ba13100000)]
  0x0000025041b71800 JavaThread "Cancel handler" [_thread_blocked, id=4932, stack(0x000000ba13100000,0x000000ba13200000)]
  0x0000025042baf800 JavaThread "Daemon worker" [_thread_in_native, id=4884, stack(0x000000ba13300000,0x000000ba13400000)]
  0x000002504243f800 JavaThread "Asynchronous log dispatcher for DefaultDaemonConnection: socket connection from /127.0.0.1:49736 to /127.0.0.1:49737" [_thread_blocked, id=6316, stack(0x000000ba13400000,0x000000ba13500000)]
  0x00000250414e6000 JavaThread "Stdin handler" [_thread_blocked, id=6288, stack(0x000000ba13500000,0x000000ba13600000)]
  0x00000250414e7000 JavaThread "Daemon client event forwarder" [_thread_blocked, id=6456, stack(0x000000ba13600000,0x000000ba13700000)]
  0x00000250424e0800 JavaThread "Cache worker for journal cache (C:\Users\Engr. Ayan Murad\.gradle\caches\journal-1)" [_thread_blocked, id=10048, stack(0x000000ba13700000,0x000000ba13800000)]
  0x00000250424e1000 JavaThread "File lock request listener" [_thread_in_native, id=9064, stack(0x000000ba13800000,0x000000ba13900000)]
  0x00000250424e5000 JavaThread "Cache worker for file hash cache (C:\Users\Engr. Ayan Murad\.gradle\caches\7.5.1\fileHashes)" [_thread_blocked, id=6944, stack(0x000000ba13900000,0x000000ba13a00000)]
  0x00000250424e4800 JavaThread "File watcher server" daemon [_thread_in_native, id=8612, stack(0x000000ba13b00000,0x000000ba13c00000)]
  0x00000250424e3800 JavaThread "File watcher consumer" daemon [_thread_blocked, id=8564, stack(0x000000ba13c00000,0x000000ba13d00000)]
  0x00000250424e6000 JavaThread "Cache worker for checksums cache (E:\react native\MyWhatsApp\android\.gradle\7.5.1\checksums)" [_thread_blocked, id=9116, stack(0x000000ba13d00000,0x000000ba13e00000)]
  0x00000250424e2800 JavaThread "Cache worker for cache directory md-rule (C:\Users\Engr. Ayan Murad\.gradle\caches\7.5.1\md-rule)" [_thread_blocked, id=9716, stack(0x000000ba13e00000,0x000000ba13f00000)]
  0x00000250424e7000 JavaThread "Cache worker for file content cache (C:\Users\Engr. Ayan Murad\.gradle\caches\7.5.1\fileContent)" [_thread_blocked, id=1860, stack(0x000000ba13f00000,0x000000ba14000000)]
  0x00000250424e2000 JavaThread "Cache worker for file hash cache (E:\react native\MyWhatsApp\android\.gradle\7.5.1\fileHashes)" [_thread_blocked, id=7568, stack(0x000000ba14000000,0x000000ba14100000)]
  0x0000025041efc800 JavaThread "Cache worker for cache directory md-supplier (C:\Users\Engr. Ayan Murad\.gradle\caches\7.5.1\md-supplier)" [_thread_blocked, id=9588, stack(0x000000ba14100000,0x000000ba14200000)]
  0x0000025041f01800 JavaThread "Cache worker for execution history cache (C:\Users\Engr. Ayan Murad\.gradle\caches\7.5.1\executionHistory)" [_thread_blocked, id=7068, stack(0x000000ba14300000,0x000000ba14400000)]
  0x0000025041efd000 JavaThread "jar transforms" [_thread_blocked, id=1512, stack(0x000000ba14400000,0x000000ba14500000)]
  0x0000025041eff000 JavaThread "jar transforms Thread 2" [_thread_blocked, id=1516, stack(0x000000ba14500000,0x000000ba14600000)]
  0x0000025041efb800 JavaThread "jar transforms Thread 3" [_thread_blocked, id=1332, stack(0x000000ba14600000,0x000000ba14700000)]
  0x0000025041f03800 JavaThread "jar transforms Thread 4" [_thread_blocked, id=2304, stack(0x000000ba14700000,0x000000ba14800000)]
  0x0000025041f02000 JavaThread "Cache worker for kotlin-dsl (C:\Users\Engr. Ayan Murad\.gradle\caches\7.5.1\kotlin-dsl)" [_thread_blocked, id=9096, stack(0x000000ba14800000,0x000000ba14900000)]
  0x0000025041f08000 JavaThread "Cache worker for dependencies-accessors (E:\react native\MyWhatsApp\android\.gradle\7.5.1\dependencies-accessors)" [_thread_blocked, id=6140, stack(0x000000ba14900000,0x000000ba14a00000)]
  0x0000025041f08800 JavaThread "Cache worker for Build Output Cleanup Cache (E:\react native\MyWhatsApp\node_modules\react-native-gradle-plugin\.gradle\buildOutputCleanup)" [_thread_blocked, id=9568, stack(0x000000ba14a00000,0x000000ba14b00000)]
  0x0000025041f05800 JavaThread "Unconstrained build operations" [_thread_blocked, id=9144, stack(0x000000ba14b00000,0x000000ba14c00000)]
  0x0000025041f03000 JavaThread "Unconstrained build operations Thread 2" [_thread_blocked, id=7212, stack(0x000000ba14c00000,0x000000ba14d00000)]
  0x0000025041f07000 JavaThread "Unconstrained build operations Thread 3" [_thread_blocked, id=8828, stack(0x000000ba14d00000,0x000000ba14e00000)]
  0x0000025041f09800 JavaThread "Unconstrained build operations Thread 4" [_thread_blocked, id=8300, stack(0x000000ba14e00000,0x000000ba14f00000)]
  0x0000025041f06000 JavaThread "Unconstrained build operations Thread 5" [_thread_blocked, id=8368, stack(0x000000ba14f00000,0x000000ba15000000)]
  0x0000025041f0a800 JavaThread "Unconstrained build operations Thread 6" [_thread_blocked, id=4524, stack(0x000000ba15000000,0x000000ba15100000)]
  0x0000025041f04800 JavaThread "Unconstrained build operations Thread 7" [_thread_blocked, id=10192, stack(0x000000ba15100000,0x000000ba15200000)]
  0x00000250416cb000 JavaThread "Unconstrained build operations Thread 8" [_thread_blocked, id=6896, stack(0x000000ba15200000,0x000000ba15300000)]
  0x00000250416c7800 JavaThread "Unconstrained build operations Thread 9" [_thread_blocked, id=6900, stack(0x000000ba15300000,0x000000ba15400000)]
  0x00000250416ca000 JavaThread "Unconstrained build operations Thread 10" [_thread_blocked, id=9580, stack(0x000000ba15400000,0x000000ba15500000)]
  0x00000250416ce000 JavaThread "Unconstrained build operations Thread 11" [_thread_blocked, id=9576, stack(0x000000ba15500000,0x000000ba15600000)]
  0x00000250416cd800 JavaThread "Unconstrained build operations Thread 12" [_thread_blocked, id=9776, stack(0x000000ba15600000,0x000000ba15700000)]
  0x00000250416c8800 JavaThread "Unconstrained build operations Thread 13" [_thread_blocked, id=9672, stack(0x000000ba15700000,0x000000ba15800000)]
  0x00000250416c9800 JavaThread "Unconstrained build operations Thread 14" [_thread_blocked, id=4692, stack(0x000000ba15800000,0x000000ba15900000)]
  0x00000250416d0000 JavaThread "Unconstrained build operations Thread 15" [_thread_blocked, id=9676, stack(0x000000ba15900000,0x000000ba15a00000)]
  0x00000250416cf000 JavaThread "Unconstrained build operations Thread 16" [_thread_blocked, id=9656, stack(0x000000ba15a00000,0x000000ba15b00000)]
  0x00000250416d0800 JavaThread "Unconstrained build operations Thread 17" [_thread_blocked, id=9660, stack(0x000000ba15b00000,0x000000ba15c00000)]
  0x00000250416d1800 JavaThread "Unconstrained build operations Thread 18" [_thread_blocked, id=212, stack(0x000000ba15c00000,0x000000ba15d00000)]
  0x00000250416cc000 JavaThread "Unconstrained build operations Thread 19" [_thread_blocked, id=8452, stack(0x000000ba15d00000,0x000000ba15e00000)]
  0x00000250416cc800 JavaThread "Unconstrained build operations Thread 20" [_thread_blocked, id=8456, stack(0x000000ba15e00000,0x000000ba15f00000)]
  0x00000250416d2800 JavaThread "Unconstrained build operations Thread 21" [_thread_blocked, id=8408, stack(0x000000ba15f00000,0x000000ba16000000)]
  0x00000250416d5000 JavaThread "Unconstrained build operations Thread 22" [_thread_blocked, id=604, stack(0x000000ba16000000,0x000000ba16100000)]
  0x00000250416d3000 JavaThread "Unconstrained build operations Thread 23" [_thread_blocked, id=8404, stack(0x000000ba16100000,0x000000ba16200000)]
  0x00000250416d5800 JavaThread "Unconstrained build operations Thread 24" [_thread_blocked, id=8400, stack(0x000000ba16200000,0x000000ba16300000)]
  0x00000250416d6800 JavaThread "Unconstrained build operations Thread 25" [_thread_blocked, id=7696, stack(0x000000ba16300000,0x000000ba16400000)]
  0x00000250416d4000 JavaThread "Unconstrained build operations Thread 26" [_thread_blocked, id=9272, stack(0x000000ba16400000,0x000000ba16500000)]
  0x0000025041ed5000 JavaThread "Unconstrained build operations Thread 27" [_thread_blocked, id=9264, stack(0x000000ba16500000,0x000000ba16600000)]
  0x0000025041ed7000 JavaThread "Unconstrained build operations Thread 28" [_thread_blocked, id=9304, stack(0x000000ba16600000,0x000000ba16700000)]
  0x0000025041ed4800 JavaThread "Unconstrained build operations Thread 29" [_thread_blocked, id=3504, stack(0x000000ba16700000,0x000000ba16800000)]
  0x0000025041ed6000 JavaThread "Unconstrained build operations Thread 30" [_thread_blocked, id=9372, stack(0x000000ba16800000,0x000000ba16900000)]
  0x0000025041ed7800 JavaThread "Unconstrained build operations Thread 31" [_thread_blocked, id=9376, stack(0x000000ba16900000,0x000000ba16a00000)]
  0x0000025041ed3800 JavaThread "Unconstrained build operations Thread 32" [_thread_blocked, id=1220, stack(0x000000ba16a00000,0x000000ba16b00000)]
  0x0000025041edd800 JavaThread "Unconstrained build operations Thread 33" [_thread_blocked, id=6008, stack(0x000000ba16b00000,0x000000ba16c00000)]
  0x0000025041ed8800 JavaThread "build event listener" [_thread_blocked, id=6224, stack(0x000000ba16c00000,0x000000ba16d00000)]
  0x0000025041edf000 JavaThread "Memory manager" [_thread_blocked, id=6600, stack(0x000000ba16d00000,0x000000ba16e00000)]
  0x0000025041edc800 JavaThread "Cache worker for Build Output Cleanup Cache (E:\react native\MyWhatsApp\android\.gradle\buildOutputCleanup)" [_thread_blocked, id=1000, stack(0x000000ba16e00000,0x000000ba16f00000)]
  0x0000025041ed9800 JavaThread "included builds" [_thread_blocked, id=7988, stack(0x000000ba11800000,0x000000ba11900000)]
  0x0000025041ee0000 JavaThread "Execution worker" [_thread_blocked, id=440, stack(0x000000ba16f00000,0x000000ba17000000)]
  0x0000025041ee0800 JavaThread "Execution worker Thread 2" [_thread_blocked, id=1148, stack(0x000000ba17000000,0x000000ba17100000)]
  0x0000025041edb000 JavaThread "Execution worker Thread 3" [_thread_blocked, id=1152, stack(0x000000ba17100000,0x000000ba17200000)]
  0x0000025041ede000 JavaThread "Cache worker for execution history cache (E:\react native\MyWhatsApp\node_modules\react-native-gradle-plugin\.gradle\7.5.1\executionHistory)" [_thread_blocked, id=1340, stack(0x000000ba17200000,0x000000ba17300000)]
  0x0000025041ee1800 JavaThread "Unconstrained build operations Thread 34" [_thread_blocked, id=6580, stack(0x000000ba17300000,0x000000ba17400000)]
  0x0000025041edb800 JavaThread "Unconstrained build operations Thread 35" [_thread_blocked, id=8468, stack(0x000000ba17400000,0x000000ba17500000)]
  0x0000025041ee2800 JavaThread "Unconstrained build operations Thread 36" [_thread_blocked, id=5204, stack(0x000000ba17500000,0x000000ba17600000)]
  0x00000250468e2000 JavaThread "Unconstrained build operations Thread 37" [_thread_blocked, id=5596, stack(0x000000ba17600000,0x000000ba17700000)]
  0x00000250468e3000 JavaThread "Unconstrained build operations Thread 38" [_thread_blocked, id=3132, stack(0x000000ba17700000,0x000000ba17800000)]
  0x00000250468e4800 JavaThread "Unconstrained build operations Thread 39" [_thread_blocked, id=2608, stack(0x000000ba17800000,0x000000ba17900000)]
  0x00000250468e6800 JavaThread "Unconstrained build operations Thread 40" [_thread_blocked, id=9860, stack(0x000000ba17900000,0x000000ba17a00000)]
=>0x000002504380c000 JavaThread "C2 CompilerThread1" daemon [_thread_in_native, id=2716, stack(0x000000ba13a00000,0x000000ba13b00000)]

Other Threads:
  0x000002503f68e800 VMThread "VM Thread" [stack: 0x000000ba11f00000,0x000000ba12000000] [id=9060]
  0x000002504019b800 WatcherThread [stack: 0x000000ba12900000,0x000000ba12a00000] [id=8784]
  0x0000025020e8a000 GCTaskThread "GC Thread#0" [stack: 0x000000ba11a00000,0x000000ba11b00000] [id=5644]
  0x000002504049b800 GCTaskThread "GC Thread#1" [stack: 0x000000ba12b00000,0x000000ba12c00000] [id=608]
  0x0000025040a7f000 GCTaskThread "GC Thread#2" [stack: 0x000000ba12c00000,0x000000ba12d00000] [id=840]
  0x00000250433f7000 GCTaskThread "GC Thread#3" [stack: 0x000000ba13200000,0x000000ba13300000] [id=4624]
  0x0000025020ebc000 ConcurrentGCThread "G1 Main Marker" [stack: 0x000000ba11b00000,0x000000ba11c00000] [id=5128]
  0x0000025020ebe800 ConcurrentGCThread "G1 Conc#0" [stack: 0x000000ba11c00000,0x000000ba11d00000] [id=5132]
  0x0000025020f4d000 ConcurrentGCThread "G1 Refine#0" [stack: 0x000000ba11d00000,0x000000ba11e00000] [id=5232]
  0x0000025020f4e800 ConcurrentGCThread "G1 Young RemSet Sampling" [stack: 0x000000ba11e00000,0x000000ba11f00000] [id=5212]

Threads with active compile tasks:
C2 CompilerThread0    62594 13830       4       org.gradle.internal.component.model.ComponentAttributeMatcher::isMatching (147 bytes)
C2 CompilerThread1    62594 13808       4       org.gradle.api.internal.artifacts.configurations.Configurations::collectCapabilities (73 bytes)

VM state:not at safepoint (normal execution)

VM Mutex/Monitor currently owned by a thread: None

Heap address: 0x0000000080000000, size: 2048 MB, Compressed Oops mode: 32-bit
Narrow klass base: 0x0000000000000000, Narrow klass shift: 3
Compressed class space size: 528482304 Address: 0x0000000100000000

Heap:
 garbage-first heap   total 304128K, used 172492K [0x0000000080000000, 0x0000000100000000)
  region size 1024K, 18 young (18432K), 7 survivors (7168K)
 Metaspace       used 111959K, capacity 116174K, committed 116436K, reserved 616448K
  class space    used 14621K, capacity 16206K, committed 16332K, reserved 516096K
Heap Regions: E=young(eden), S=young(survivor), O=old, HS=humongous(starts), HC=humongous(continues), CS=collection set, F=free, A=archive, TAMS=top-at-mark-start (previous, next)
|   0|0x0000000080000000, 0x0000000080100000, 0x0000000080100000|100%|HS|  |TAMS 0x0000000080100000, 0x0000000080100000| Complete 
|   1|0x0000000080100000, 0x0000000080200000, 0x0000000080200000|100%|HC|  |TAMS 0x0000000080200000, 0x0000000080200000| Complete 
|   2|0x0000000080200000, 0x0000000080300000, 0x0000000080300000|100%|HC|  |TAMS 0x0000000080300000, 0x0000000080300000| Complete 
|   3|0x0000000080300000, 0x0000000080400000, 0x0000000080400000|100%| O|  |TAMS 0x0000000080400000, 0x0000000080400000| Untracked 
|   4|0x0000000080400000, 0x0000000080500000, 0x0000000080500000|100%| O|  |TAMS 0x0000000080500000, 0x0000000080500000| Untracked 
|   5|0x0000000080500000, 0x0000000080600000, 0x0000000080600000|100%| O|  |TAMS 0x0000000080600000, 0x0000000080600000| Untracked 
|   6|0x0000000080600000, 0x0000000080700000, 0x0000000080700000|100%| O|  |TAMS 0x0000000080700000, 0x0000000080700000| Untracked 
|   7|0x0000000080700000, 0x0000000080800000, 0x0000000080800000|100%| O|  |TAMS 0x0000000080800000, 0x0000000080800000| Untracked 
|   8|0x0000000080800000, 0x0000000080900000, 0x0000000080900000|100%| O|  |TAMS 0x0000000080900000, 0x0000000080900000| Untracked 
|   9|0x0000000080900000, 0x0000000080a00000, 0x0000000080a00000|100%| O|  |TAMS 0x0000000080a00000, 0x0000000080a00000| Untracked 
|  10|0x0000000080a00000, 0x0000000080b00000, 0x0000000080b00000|100%| O|  |TAMS 0x0000000080b00000, 0x0000000080b00000| Untracked 
|  11|0x0000000080b00000, 0x0000000080c00000, 0x0000000080c00000|100%| O|  |TAMS 0x0000000080c00000, 0x0000000080c00000| Untracked 
|  12|0x0000000080c00000, 0x0000000080d00000, 0x0000000080d00000|100%| O|  |TAMS 0x0000000080d00000, 0x0000000080d00000| Untracked 
|  13|0x0000000080d00000, 0x0000000080e00000, 0x0000000080e00000|100%| O|  |TAMS 0x0000000080e00000, 0x0000000080e00000| Untracked 
|  14|0x0000000080e00000, 0x0000000080f00000, 0x0000000080f00000|100%| O|  |TAMS 0x0000000080f00000, 0x0000000080f00000| Untracked 
|  15|0x0000000080f00000, 0x0000000081000000, 0x0000000081000000|100%| O|  |TAMS 0x0000000081000000, 0x0000000081000000| Untracked 
|  16|0x0000000081000000, 0x0000000081100000, 0x0000000081100000|100%| O|  |TAMS 0x0000000081100000, 0x0000000081100000| Untracked 
|  17|0x0000000081100000, 0x0000000081200000, 0x0000000081200000|100%| O|  |TAMS 0x0000000081200000, 0x0000000081200000| Untracked 
|  18|0x0000000081200000, 0x0000000081300000, 0x0000000081300000|100%| O|  |TAMS 0x0000000081300000, 0x0000000081300000| Untracked 
|  19|0x0000000081300000, 0x0000000081400000, 0x0000000081400000|100%| O|  |TAMS 0x0000000081400000, 0x0000000081400000| Untracked 
|  20|0x0000000081400000, 0x0000000081500000, 0x0000000081500000|100%| O|  |TAMS 0x0000000081500000, 0x0000000081500000| Untracked 
|  21|0x0000000081500000, 0x0000000081600000, 0x0000000081600000|100%| O|  |TAMS 0x0000000081600000, 0x0000000081600000| Untracked 
|  22|0x0000000081600000, 0x0000000081700000, 0x0000000081700000|100%| O|  |TAMS 0x0000000081700000, 0x0000000081700000| Untracked 
|  23|0x0000000081700000, 0x0000000081800000, 0x0000000081800000|100%| O|  |TAMS 0x0000000081800000, 0x0000000081800000| Untracked 
|  24|0x0000000081800000, 0x0000000081900000, 0x0000000081900000|100%| O|  |TAMS 0x0000000081900000, 0x0000000081900000| Untracked 
|  25|0x0000000081900000, 0x0000000081a00000, 0x0000000081a00000|100%| O|  |TAMS 0x0000000081a00000, 0x0000000081a00000| Untracked 
|  26|0x0000000081a00000, 0x0000000081b00000, 0x0000000081b00000|100%| O|  |TAMS 0x0000000081b00000, 0x0000000081b00000| Untracked 
|  27|0x0000000081b00000, 0x0000000081c00000, 0x0000000081c00000|100%|HS|  |TAMS 0x0000000081c00000, 0x0000000081c00000| Complete 
|  28|0x0000000081c00000, 0x0000000081d00000, 0x0000000081d00000|100%|HS|  |TAMS 0x0000000081d00000, 0x0000000081d00000| Complete 
|  29|0x0000000081d00000, 0x0000000081e00000, 0x0000000081e00000|100%|HC|  |TAMS 0x0000000081e00000, 0x0000000081e00000| Complete 
|  30|0x0000000081e00000, 0x0000000081f00000, 0x0000000081f00000|100%|HC|  |TAMS 0x0000000081f00000, 0x0000000081f00000| Complete 
|  31|0x0000000081f00000, 0x0000000082000000, 0x0000000082000000|100%| O|  |TAMS 0x0000000082000000, 0x0000000082000000| Untracked 
|  32|0x0000000082000000, 0x0000000082100000, 0x0000000082100000|100%| O|  |TAMS 0x0000000082100000, 0x0000000082100000| Untracked 
|  33|0x0000000082100000, 0x0000000082200000, 0x0000000082200000|100%| O|  |TAMS 0x0000000082200000, 0x0000000082200000| Untracked 
|  34|0x0000000082200000, 0x0000000082300000, 0x0000000082300000|100%| O|  |TAMS 0x0000000082300000, 0x0000000082300000| Untracked 
|  35|0x0000000082300000, 0x0000000082400000, 0x0000000082400000|100%| O|  |TAMS 0x0000000082400000, 0x0000000082400000| Untracked 
|  36|0x0000000082400000, 0x0000000082500000, 0x0000000082500000|100%| O|  |TAMS 0x0000000082500000, 0x0000000082500000| Untracked 
|  37|0x0000000082500000, 0x0000000082600000, 0x0000000082600000|100%| O|  |TAMS 0x0000000082600000, 0x0000000082600000| Untracked 
|  38|0x0000000082600000, 0x0000000082700000, 0x0000000082700000|100%| O|  |TAMS 0x0000000082700000, 0x0000000082700000| Untracked 
|  39|0x0000000082700000, 0x0000000082800000, 0x0000000082800000|100%| O|  |TAMS 0x0000000082800000, 0x0000000082800000| Untracked 
|  40|0x0000000082800000, 0x0000000082900000, 0x0000000082900000|100%| O|  |TAMS 0x0000000082900000, 0x0000000082900000| Untracked 
|  41|0x0000000082900000, 0x0000000082a00000, 0x0000000082a00000|100%| O|  |TAMS 0x0000000082a00000, 0x0000000082a00000| Untracked 
|  42|0x0000000082a00000, 0x0000000082b00000, 0x0000000082b00000|100%| O|  |TAMS 0x0000000082b00000, 0x0000000082b00000| Untracked 
|  43|0x0000000082b00000, 0x0000000082c00000, 0x0000000082c00000|100%|HS|  |TAMS 0x0000000082c00000, 0x0000000082c00000| Complete 
|  44|0x0000000082c00000, 0x0000000082d00000, 0x0000000082d00000|100%|HS|  |TAMS 0x0000000082d00000, 0x0000000082d00000| Complete 
|  45|0x0000000082d00000, 0x0000000082e00000, 0x0000000082e00000|100%| O|  |TAMS 0x0000000082e00000, 0x0000000082e00000| Untracked 
|  46|0x0000000082e00000, 0x0000000082f00000, 0x0000000082f00000|100%| O|  |TAMS 0x0000000082f00000, 0x0000000082f00000| Untracked 
|  47|0x0000000082f00000, 0x0000000083000000, 0x0000000083000000|100%| O|  |TAMS 0x0000000083000000, 0x0000000083000000| Untracked 
|  48|0x0000000083000000, 0x0000000083100000, 0x0000000083100000|100%| O|  |TAMS 0x0000000083100000, 0x0000000083100000| Untracked 
|  49|0x0000000083100000, 0x0000000083200000, 0x0000000083200000|100%| O|  |TAMS 0x0000000083200000, 0x0000000083200000| Untracked 
|  50|0x0000000083200000, 0x0000000083300000, 0x0000000083300000|100%| O|  |TAMS 0x0000000083300000, 0x0000000083300000| Untracked 
|  51|0x0000000083300000, 0x0000000083400000, 0x0000000083400000|100%|HS|  |TAMS 0x0000000083400000, 0x0000000083400000| Complete 
|  52|0x0000000083400000, 0x0000000083500000, 0x0000000083500000|100%|HC|  |TAMS 0x0000000083500000, 0x0000000083500000| Complete 
|  53|0x0000000083500000, 0x0000000083600000, 0x0000000083600000|100%| O|  |TAMS 0x0000000083600000, 0x0000000083600000| Untracked 
|  54|0x0000000083600000, 0x0000000083700000, 0x0000000083700000|100%| O|  |TAMS 0x0000000083700000, 0x0000000083700000| Untracked 
|  55|0x0000000083700000, 0x0000000083800000, 0x0000000083800000|100%| O|  |TAMS 0x0000000083800000, 0x0000000083800000| Untracked 
|  56|0x0000000083800000, 0x0000000083900000, 0x0000000083900000|100%| O|  |TAMS 0x0000000083900000, 0x0000000083900000| Untracked 
|  57|0x0000000083900000, 0x0000000083a00000, 0x0000000083a00000|100%| O|  |TAMS 0x0000000083a00000, 0x0000000083a00000| Untracked 
|  58|0x0000000083a00000, 0x0000000083b00000, 0x0000000083b00000|100%| O|  |TAMS 0x0000000083b00000, 0x0000000083b00000| Untracked 
|  59|0x0000000083b00000, 0x0000000083c00000, 0x0000000083c00000|100%| O|  |TAMS 0x0000000083c00000, 0x0000000083c00000| Untracked 
|  60|0x0000000083c00000, 0x0000000083d00000, 0x0000000083d00000|100%| O|  |TAMS 0x0000000083d00000, 0x0000000083d00000| Untracked 
|  61|0x0000000083d00000, 0x0000000083e00000, 0x0000000083e00000|100%| O|  |TAMS 0x0000000083e00000, 0x0000000083e00000| Untracked 
|  62|0x0000000083e00000, 0x0000000083f00000, 0x0000000083f00000|100%| O|  |TAMS 0x0000000083f00000, 0x0000000083f00000| Untracked 
|  63|0x0000000083f00000, 0x0000000084000000, 0x0000000084000000|100%| O|  |TAMS 0x0000000084000000, 0x0000000084000000| Untracked 
|  64|0x0000000084000000, 0x0000000084100000, 0x0000000084100000|100%| O|  |TAMS 0x0000000084100000, 0x0000000084100000| Untracked 
|  65|0x0000000084100000, 0x0000000084200000, 0x0000000084200000|100%| O|  |TAMS 0x0000000084200000, 0x0000000084200000| Untracked 
|  66|0x0000000084200000, 0x0000000084300000, 0x0000000084300000|100%| O|  |TAMS 0x0000000084300000, 0x0000000084300000| Untracked 
|  67|0x0000000084300000, 0x0000000084400000, 0x0000000084400000|100%| O|  |TAMS 0x0000000084400000, 0x0000000084400000| Untracked 
|  68|0x0000000084400000, 0x0000000084500000, 0x0000000084500000|100%| O|  |TAMS 0x0000000084500000, 0x0000000084500000| Untracked 
|  69|0x0000000084500000, 0x0000000084600000, 0x0000000084600000|100%| O|  |TAMS 0x0000000084600000, 0x0000000084600000| Untracked 
|  70|0x0000000084600000, 0x0000000084700000, 0x0000000084700000|100%| O|  |TAMS 0x0000000084700000, 0x0000000084700000| Untracked 
|  71|0x0000000084700000, 0x0000000084800000, 0x0000000084800000|100%| O|  |TAMS 0x0000000084800000, 0x0000000084800000| Untracked 
|  72|0x0000000084800000, 0x0000000084900000, 0x0000000084900000|100%| O|  |TAMS 0x0000000084900000, 0x0000000084900000| Untracked 
|  73|0x0000000084900000, 0x0000000084a00000, 0x0000000084a00000|100%| O|  |TAMS 0x0000000084a00000, 0x0000000084a00000| Untracked 
|  74|0x0000000084a00000, 0x0000000084b00000, 0x0000000084b00000|100%| O|  |TAMS 0x0000000084b00000, 0x0000000084b00000| Untracked 
|  75|0x0000000084b00000, 0x0000000084c00000, 0x0000000084c00000|100%| O|  |TAMS 0x0000000084c00000, 0x0000000084c00000| Untracked 
|  76|0x0000000084c00000, 0x0000000084d00000, 0x0000000084d00000|100%| O|  |TAMS 0x0000000084d00000, 0x0000000084d00000| Untracked 
|  77|0x0000000084d00000, 0x0000000084e00000, 0x0000000084e00000|100%| O|  |TAMS 0x0000000084e00000, 0x0000000084e00000| Untracked 
|  78|0x0000000084e00000, 0x0000000084f00000, 0x0000000084f00000|100%| O|  |TAMS 0x0000000084f00000, 0x0000000084f00000| Untracked 
|  79|0x0000000084f00000, 0x0000000085000000, 0x0000000085000000|100%| O|  |TAMS 0x0000000085000000, 0x0000000085000000| Untracked 
|  80|0x0000000085000000, 0x0000000085100000, 0x0000000085100000|100%| O|  |TAMS 0x0000000085100000, 0x0000000085100000| Untracked 
|  81|0x0000000085100000, 0x0000000085200000, 0x0000000085200000|100%| O|  |TAMS 0x0000000085200000, 0x0000000085200000| Untracked 
|  82|0x0000000085200000, 0x0000000085300000, 0x0000000085300000|100%| O|  |TAMS 0x0000000085300000, 0x0000000085300000| Untracked 
|  83|0x0000000085300000, 0x0000000085400000, 0x0000000085400000|100%| O|  |TAMS 0x0000000085400000, 0x0000000085400000| Untracked 
|  84|0x0000000085400000, 0x0000000085500000, 0x0000000085500000|100%| O|  |TAMS 0x0000000085500000, 0x0000000085500000| Untracked 
|  85|0x0000000085500000, 0x0000000085600000, 0x0000000085600000|100%|HS|  |TAMS 0x0000000085600000, 0x0000000085600000| Complete 
|  86|0x0000000085600000, 0x0000000085700000, 0x0000000085700000|100%|HS|  |TAMS 0x0000000085700000, 0x0000000085700000| Complete 
|  87|0x0000000085700000, 0x0000000085800000, 0x0000000085800000|100%|HS|  |TAMS 0x0000000085800000, 0x0000000085800000| Complete 
|  88|0x0000000085800000, 0x0000000085900000, 0x0000000085900000|100%|HS|  |TAMS 0x0000000085900000, 0x0000000085900000| Complete 
|  89|0x0000000085900000, 0x0000000085a00000, 0x0000000085a00000|100%|HC|  |TAMS 0x0000000085a00000, 0x0000000085a00000| Complete 
|  90|0x0000000085a00000, 0x0000000085b00000, 0x0000000085b00000|100%|HC|  |TAMS 0x0000000085b00000, 0x0000000085b00000| Complete 
|  91|0x0000000085b00000, 0x0000000085c00000, 0x0000000085c00000|100%| O|  |TAMS 0x0000000085c00000, 0x0000000085c00000| Untracked 
|  92|0x0000000085c00000, 0x0000000085d00000, 0x0000000085d00000|100%| O|  |TAMS 0x0000000085d00000, 0x0000000085d00000| Untracked 
|  93|0x0000000085d00000, 0x0000000085e00000, 0x0000000085e00000|100%| O|  |TAMS 0x0000000085e00000, 0x0000000085e00000| Untracked 
|  94|0x0000000085e00000, 0x0000000085f00000, 0x0000000085f00000|100%| O|  |TAMS 0x0000000085f00000, 0x0000000085f00000| Untracked 
|  95|0x0000000085f00000, 0x0000000086000000, 0x0000000086000000|100%| O|  |TAMS 0x0000000086000000, 0x0000000086000000| Untracked 
|  96|0x0000000086000000, 0x0000000086100000, 0x0000000086100000|100%| O|  |TAMS 0x0000000086100000, 0x0000000086100000| Untracked 
|  97|0x0000000086100000, 0x0000000086200000, 0x0000000086200000|100%| O|  |TAMS 0x0000000086200000, 0x0000000086200000| Untracked 
|  98|0x0000000086200000, 0x0000000086300000, 0x0000000086300000|100%| O|  |TAMS 0x0000000086300000, 0x0000000086300000| Untracked 
|  99|0x0000000086300000, 0x0000000086400000, 0x0000000086400000|100%| O|  |TAMS 0x0000000086400000, 0x0000000086400000| Untracked 
| 100|0x0000000086400000, 0x0000000086500000, 0x0000000086500000|100%| O|  |TAMS 0x0000000086500000, 0x0000000086500000| Untracked 
| 101|0x0000000086500000, 0x0000000086600000, 0x0000000086600000|100%| O|  |TAMS 0x0000000086600000, 0x0000000086600000| Untracked 
| 102|0x0000000086600000, 0x0000000086700000, 0x0000000086700000|100%| O|  |TAMS 0x0000000086700000, 0x0000000086700000| Untracked 
| 103|0x0000000086700000, 0x0000000086800000, 0x0000000086800000|100%| O|  |TAMS 0x0000000086800000, 0x0000000086800000| Untracked 
| 104|0x0000000086800000, 0x0000000086900000, 0x0000000086900000|100%|HS|  |TAMS 0x0000000086900000, 0x0000000086900000| Complete 
| 105|0x0000000086900000, 0x0000000086a00000, 0x0000000086a00000|100%|HS|  |TAMS 0x0000000086a00000, 0x0000000086a00000| Complete 
| 106|0x0000000086a00000, 0x0000000086b00000, 0x0000000086b00000|100%|HS|  |TAMS 0x0000000086b00000, 0x0000000086b00000| Complete 
| 107|0x0000000086b00000, 0x0000000086c00000, 0x0000000086c00000|100%|HC|  |TAMS 0x0000000086c00000, 0x0000000086c00000| Complete 
| 108|0x0000000086c00000, 0x0000000086d00000, 0x0000000086d00000|100%|HC|  |TAMS 0x0000000086d00000, 0x0000000086d00000| Complete 
| 109|0x0000000086d00000, 0x0000000086e00000, 0x0000000086e00000|100%| O|  |TAMS 0x0000000086e00000, 0x0000000086e00000| Untracked 
| 110|0x0000000086e00000, 0x0000000086f00000, 0x0000000086f00000|100%| O|  |TAMS 0x0000000086f00000, 0x0000000086f00000| Untracked 
| 111|0x0000000086f00000, 0x0000000087000000, 0x0000000087000000|100%| O|  |TAMS 0x0000000087000000, 0x0000000087000000| Untracked 
| 112|0x0000000087000000, 0x0000000087100000, 0x0000000087100000|100%| O|  |TAMS 0x0000000087100000, 0x0000000087100000| Untracked 
| 113|0x0000000087100000, 0x0000000087200000, 0x0000000087200000|100%| O|  |TAMS 0x0000000087200000, 0x0000000087200000| Untracked 
| 114|0x0000000087200000, 0x0000000087300000, 0x0000000087300000|100%| O|  |TAMS 0x0000000087300000, 0x0000000087300000| Untracked 
| 115|0x0000000087300000, 0x0000000087400000, 0x0000000087400000|100%| O|  |TAMS 0x0000000087400000, 0x0000000087400000| Untracked 
| 116|0x0000000087400000, 0x0000000087500000, 0x0000000087500000|100%| O|  |TAMS 0x0000000087500000, 0x0000000087500000| Untracked 
| 117|0x0000000087500000, 0x0000000087600000, 0x0000000087600000|100%|HS|  |TAMS 0x0000000087600000, 0x0000000087600000| Complete 
| 118|0x0000000087600000, 0x0000000087700000, 0x0000000087700000|100%|HS|  |TAMS 0x0000000087700000, 0x0000000087700000| Complete 
| 119|0x0000000087700000, 0x0000000087800000, 0x0000000087800000|100%|HC|  |TAMS 0x0000000087800000, 0x0000000087800000| Complete 
| 120|0x0000000087800000, 0x0000000087900000, 0x0000000087900000|100%|HC|  |TAMS 0x0000000087900000, 0x0000000087900000| Complete 
| 121|0x0000000087900000, 0x0000000087a00000, 0x0000000087a00000|100%| O|  |TAMS 0x0000000087a00000, 0x0000000087a00000| Untracked 
| 122|0x0000000087a00000, 0x0000000087b00000, 0x0000000087b00000|100%| O|  |TAMS 0x0000000087b00000, 0x0000000087b00000| Untracked 
| 123|0x0000000087b00000, 0x0000000087c00000, 0x0000000087c00000|100%| O|  |TAMS 0x0000000087c00000, 0x0000000087c00000| Untracked 
| 124|0x0000000087c00000, 0x0000000087d00000, 0x0000000087d00000|100%| O|  |TAMS 0x0000000087d00000, 0x0000000087d00000| Untracked 
| 125|0x0000000087d00000, 0x0000000087e00000, 0x0000000087e00000|100%| O|  |TAMS 0x0000000087e00000, 0x0000000087e00000| Untracked 
| 126|0x0000000087e00000, 0x0000000087f00000, 0x0000000087f00000|100%| O|  |TAMS 0x0000000087f00000, 0x0000000087f00000| Untracked 
| 127|0x0000000087f00000, 0x0000000088000000, 0x0000000088000000|100%| O|  |TAMS 0x0000000088000000, 0x0000000088000000| Untracked 
| 128|0x0000000088000000, 0x0000000088100000, 0x0000000088100000|100%| O|  |TAMS 0x0000000088100000, 0x0000000088100000| Untracked 
| 129|0x0000000088100000, 0x0000000088200000, 0x0000000088200000|100%| O|  |TAMS 0x0000000088200000, 0x0000000088200000| Untracked 
| 130|0x0000000088200000, 0x0000000088300000, 0x0000000088300000|100%| O|  |TAMS 0x0000000088300000, 0x0000000088300000| Untracked 
| 131|0x0000000088300000, 0x0000000088400000, 0x0000000088400000|100%| O|  |TAMS 0x0000000088400000, 0x0000000088400000| Untracked 
| 132|0x0000000088400000, 0x0000000088500000, 0x0000000088500000|100%| O|  |TAMS 0x0000000088500000, 0x0000000088500000| Untracked 
| 133|0x0000000088500000, 0x0000000088600000, 0x0000000088600000|100%| O|  |TAMS 0x0000000088600000, 0x0000000088600000| Untracked 
| 134|0x0000000088600000, 0x0000000088700000, 0x0000000088700000|100%| O|  |TAMS 0x0000000088700000, 0x0000000088700000| Untracked 
| 135|0x0000000088700000, 0x0000000088800000, 0x0000000088800000|100%| O|  |TAMS 0x0000000088800000, 0x0000000088800000| Untracked 
| 136|0x0000000088800000, 0x0000000088900000, 0x0000000088900000|100%| O|  |TAMS 0x0000000088900000, 0x0000000088900000| Untracked 
| 137|0x0000000088900000, 0x0000000088a00000, 0x0000000088a00000|100%| O|  |TAMS 0x0000000088a00000, 0x0000000088a00000| Untracked 
| 138|0x0000000088a00000, 0x0000000088b00000, 0x0000000088b00000|100%| O|  |TAMS 0x0000000088b00000, 0x0000000088b00000| Untracked 
| 139|0x0000000088b00000, 0x0000000088c00000, 0x0000000088c00000|100%| O|  |TAMS 0x0000000088c00000, 0x0000000088c00000| Untracked 
| 140|0x0000000088c00000, 0x0000000088d00000, 0x0000000088d00000|100%| O|  |TAMS 0x0000000088c4b600, 0x0000000088d00000| Untracked 
| 141|0x0000000088d00000, 0x0000000088e00000, 0x0000000088e00000|100%| O|  |TAMS 0x0000000088d00000, 0x0000000088e00000| Untracked 
| 142|0x0000000088e00000, 0x0000000088f00000, 0x0000000088f00000|100%| O|  |TAMS 0x0000000088e00000, 0x0000000088f00000| Untracked 
| 143|0x0000000088f00000, 0x0000000089000000, 0x0000000089000000|100%| O|  |TAMS 0x0000000088f00000, 0x0000000089000000| Untracked 
| 144|0x0000000089000000, 0x0000000089100000, 0x0000000089100000|100%| O|  |TAMS 0x0000000089000000, 0x0000000089100000| Untracked 
| 145|0x0000000089100000, 0x0000000089200000, 0x0000000089200000|100%| O|  |TAMS 0x0000000089100000, 0x0000000089200000| Untracked 
| 146|0x0000000089200000, 0x0000000089300000, 0x0000000089300000|100%| O|  |TAMS 0x0000000089200000, 0x0000000089300000| Untracked 
| 147|0x0000000089300000, 0x0000000089400000, 0x0000000089400000|100%| O|  |TAMS 0x0000000089300000, 0x0000000089400000| Untracked 
| 148|0x0000000089400000, 0x0000000089500000, 0x0000000089500000|100%| O|  |TAMS 0x0000000089400000, 0x0000000089500000| Untracked 
| 149|0x0000000089500000, 0x0000000089600000, 0x0000000089600000|100%| O|  |TAMS 0x0000000089500000, 0x0000000089600000| Untracked 
| 150|0x0000000089600000, 0x0000000089700000, 0x0000000089700000|100%| O|  |TAMS 0x0000000089600000, 0x0000000089700000| Untracked 
| 151|0x0000000089700000, 0x0000000089773200, 0x0000000089800000| 44%| O|  |TAMS 0x0000000089700000, 0x0000000089773200| Untracked 
| 152|0x0000000089800000, 0x0000000089800000, 0x0000000089900000|  0%| F|  |TAMS 0x0000000089800000, 0x0000000089800000| Untracked 
| 153|0x0000000089900000, 0x0000000089900000, 0x0000000089a00000|  0%| F|  |TAMS 0x0000000089900000, 0x0000000089900000| Untracked 
| 154|0x0000000089a00000, 0x0000000089a00000, 0x0000000089b00000|  0%| F|  |TAMS 0x0000000089a00000, 0x0000000089a00000| Untracked 
| 155|0x0000000089b00000, 0x0000000089b00000, 0x0000000089c00000|  0%| F|  |TAMS 0x0000000089b00000, 0x0000000089b00000| Untracked 
| 156|0x0000000089c00000, 0x0000000089c00000, 0x0000000089d00000|  0%| F|  |TAMS 0x0000000089c00000, 0x0000000089c00000| Untracked 
| 157|0x0000000089d00000, 0x0000000089d00000, 0x0000000089e00000|  0%| F|  |TAMS 0x0000000089d00000, 0x0000000089d00000| Untracked 
| 158|0x0000000089e00000, 0x0000000089e00000, 0x0000000089f00000|  0%| F|  |TAMS 0x0000000089e00000, 0x0000000089e00000| Untracked 
| 159|0x0000000089f00000, 0x0000000089f00000, 0x000000008a000000|  0%| F|  |TAMS 0x0000000089f00000, 0x0000000089f00000| Untracked 
| 160|0x000000008a000000, 0x000000008a000000, 0x000000008a100000|  0%| F|  |TAMS 0x000000008a000000, 0x000000008a000000| Untracked 
| 161|0x000000008a100000, 0x000000008a100000, 0x000000008a200000|  0%| F|  |TAMS 0x000000008a100000, 0x000000008a100000| Untracked 
| 162|0x000000008a200000, 0x000000008a200000, 0x000000008a300000|  0%| F|  |TAMS 0x000000008a200000, 0x000000008a200000| Untracked 
| 163|0x000000008a300000, 0x000000008a300000, 0x000000008a400000|  0%| F|  |TAMS 0x000000008a300000, 0x000000008a300000| Untracked 
| 164|0x000000008a400000, 0x000000008a400000, 0x000000008a500000|  0%| F|  |TAMS 0x000000008a400000, 0x000000008a400000| Untracked 
| 165|0x000000008a500000, 0x000000008a500000, 0x000000008a600000|  0%| F|  |TAMS 0x000000008a500000, 0x000000008a500000| Untracked 
| 166|0x000000008a600000, 0x000000008a600000, 0x000000008a700000|  0%| F|  |TAMS 0x000000008a600000, 0x000000008a600000| Untracked 
| 167|0x000000008a700000, 0x000000008a700000, 0x000000008a800000|  0%| F|  |TAMS 0x000000008a700000, 0x000000008a700000| Untracked 
| 168|0x000000008a800000, 0x000000008a800000, 0x000000008a900000|  0%| F|  |TAMS 0x000000008a800000, 0x000000008a800000| Untracked 
| 169|0x000000008a900000, 0x000000008a900000, 0x000000008aa00000|  0%| F|  |TAMS 0x000000008a900000, 0x000000008a900000| Untracked 
| 170|0x000000008aa00000, 0x000000008aa00000, 0x000000008ab00000|  0%| F|  |TAMS 0x000000008aa00000, 0x000000008aa00000| Untracked 
| 171|0x000000008ab00000, 0x000000008ab00000, 0x000000008ac00000|  0%| F|  |TAMS 0x000000008ab00000, 0x000000008ab00000| Untracked 
| 172|0x000000008ac00000, 0x000000008ac00000, 0x000000008ad00000|  0%| F|  |TAMS 0x000000008ac00000, 0x000000008ac00000| Untracked 
| 173|0x000000008ad00000, 0x000000008ad00000, 0x000000008ae00000|  0%| F|  |TAMS 0x000000008ad00000, 0x000000008ad00000| Untracked 
| 174|0x000000008ae00000, 0x000000008ae00000, 0x000000008af00000|  0%| F|  |TAMS 0x000000008ae00000, 0x000000008ae00000| Untracked 
| 175|0x000000008af00000, 0x000000008af00000, 0x000000008b000000|  0%| F|  |TAMS 0x000000008af00000, 0x000000008af00000| Untracked 
| 176|0x000000008b000000, 0x000000008b000000, 0x000000008b100000|  0%| F|  |TAMS 0x000000008b000000, 0x000000008b000000| Untracked 
| 177|0x000000008b100000, 0x000000008b100000, 0x000000008b200000|  0%| F|  |TAMS 0x000000008b100000, 0x000000008b100000| Untracked 
| 178|0x000000008b200000, 0x000000008b200000, 0x000000008b300000|  0%| F|  |TAMS 0x000000008b200000, 0x000000008b200000| Untracked 
| 179|0x000000008b300000, 0x000000008b300000, 0x000000008b400000|  0%| F|  |TAMS 0x000000008b300000, 0x000000008b300000| Untracked 
| 180|0x000000008b400000, 0x000000008b400000, 0x000000008b500000|  0%| F|  |TAMS 0x000000008b400000, 0x000000008b400000| Untracked 
| 181|0x000000008b500000, 0x000000008b500000, 0x000000008b600000|  0%| F|  |TAMS 0x000000008b500000, 0x000000008b500000| Untracked 
| 182|0x000000008b600000, 0x000000008b600000, 0x000000008b700000|  0%| F|  |TAMS 0x000000008b600000, 0x000000008b600000| Untracked 
| 183|0x000000008b700000, 0x000000008b700000, 0x000000008b800000|  0%| F|  |TAMS 0x000000008b700000, 0x000000008b700000| Untracked 
| 184|0x000000008b800000, 0x000000008b800000, 0x000000008b900000|  0%| F|  |TAMS 0x000000008b800000, 0x000000008b800000| Untracked 
| 185|0x000000008b900000, 0x000000008b900000, 0x000000008ba00000|  0%| F|  |TAMS 0x000000008b900000, 0x000000008b900000| Untracked 
| 186|0x000000008ba00000, 0x000000008ba00000, 0x000000008bb00000|  0%| F|  |TAMS 0x000000008ba00000, 0x000000008ba00000| Untracked 
| 187|0x000000008bb00000, 0x000000008bb00000, 0x000000008bc00000|  0%| F|  |TAMS 0x000000008bb00000, 0x000000008bb00000| Untracked 
| 188|0x000000008bc00000, 0x000000008bc00000, 0x000000008bd00000|  0%| F|  |TAMS 0x000000008bc00000, 0x000000008bc00000| Untracked 
| 189|0x000000008bd00000, 0x000000008bd00000, 0x000000008be00000|  0%| F|  |TAMS 0x000000008bd00000, 0x000000008bd00000| Untracked 
| 190|0x000000008be00000, 0x000000008be00000, 0x000000008bf00000|  0%| F|  |TAMS 0x000000008be00000, 0x000000008be00000| Untracked 
| 191|0x000000008bf00000, 0x000000008bf00000, 0x000000008c000000|  0%| F|  |TAMS 0x000000008bf00000, 0x000000008bf00000| Untracked 
| 192|0x000000008c000000, 0x000000008c000000, 0x000000008c100000|  0%| F|  |TAMS 0x000000008c000000, 0x000000008c000000| Untracked 
| 193|0x000000008c100000, 0x000000008c100000, 0x000000008c200000|  0%| F|  |TAMS 0x000000008c100000, 0x000000008c100000| Untracked 
| 194|0x000000008c200000, 0x000000008c200000, 0x000000008c300000|  0%| F|  |TAMS 0x000000008c200000, 0x000000008c200000| Untracked 
| 195|0x000000008c300000, 0x000000008c300000, 0x000000008c400000|  0%| F|  |TAMS 0x000000008c300000, 0x000000008c300000| Untracked 
| 196|0x000000008c400000, 0x000000008c400000, 0x000000008c500000|  0%| F|  |TAMS 0x000000008c400000, 0x000000008c400000| Untracked 
| 197|0x000000008c500000, 0x000000008c500000, 0x000000008c600000|  0%| F|  |TAMS 0x000000008c500000, 0x000000008c500000| Untracked 
| 198|0x000000008c600000, 0x000000008c600000, 0x000000008c700000|  0%| F|  |TAMS 0x000000008c600000, 0x000000008c600000| Untracked 
| 199|0x000000008c700000, 0x000000008c700000, 0x000000008c800000|  0%| F|  |TAMS 0x000000008c700000, 0x000000008c700000| Untracked 
| 200|0x000000008c800000, 0x000000008c800000, 0x000000008c900000|  0%| F|  |TAMS 0x000000008c800000, 0x000000008c800000| Untracked 
| 201|0x000000008c900000, 0x000000008c900000, 0x000000008ca00000|  0%| F|  |TAMS 0x000000008c900000, 0x000000008c900000| Untracked 
| 202|0x000000008ca00000, 0x000000008ca00000, 0x000000008cb00000|  0%| F|  |TAMS 0x000000008ca00000, 0x000000008ca00000| Untracked 
| 203|0x000000008cb00000, 0x000000008cb00000, 0x000000008cc00000|  0%| F|  |TAMS 0x000000008cb00000, 0x000000008cb00000| Untracked 
| 204|0x000000008cc00000, 0x000000008cc00000, 0x000000008cd00000|  0%| F|  |TAMS 0x000000008cc00000, 0x000000008cc00000| Untracked 
| 205|0x000000008cd00000, 0x000000008cd00000, 0x000000008ce00000|  0%| F|  |TAMS 0x000000008cd00000, 0x000000008cd00000| Untracked 
| 206|0x000000008ce00000, 0x000000008ce00000, 0x000000008cf00000|  0%| F|  |TAMS 0x000000008ce00000, 0x000000008ce00000| Untracked 
| 207|0x000000008cf00000, 0x000000008cf00000, 0x000000008d000000|  0%| F|  |TAMS 0x000000008cf00000, 0x000000008cf00000| Untracked 
| 208|0x000000008d000000, 0x000000008d000000, 0x000000008d100000|  0%| F|  |TAMS 0x000000008d000000, 0x000000008d000000| Untracked 
| 209|0x000000008d100000, 0x000000008d100000, 0x000000008d200000|  0%| F|  |TAMS 0x000000008d100000, 0x000000008d100000| Untracked 
| 210|0x000000008d200000, 0x000000008d200000, 0x000000008d300000|  0%| F|  |TAMS 0x000000008d200000, 0x000000008d200000| Untracked 
| 211|0x000000008d300000, 0x000000008d300000, 0x000000008d400000|  0%| F|  |TAMS 0x000000008d300000, 0x000000008d300000| Untracked 
| 212|0x000000008d400000, 0x000000008d400000, 0x000000008d500000|  0%| F|  |TAMS 0x000000008d400000, 0x000000008d400000| Untracked 
| 213|0x000000008d500000, 0x000000008d500000, 0x000000008d600000|  0%| F|  |TAMS 0x000000008d500000, 0x000000008d500000| Untracked 
| 214|0x000000008d600000, 0x000000008d600000, 0x000000008d700000|  0%| F|  |TAMS 0x000000008d600000, 0x000000008d600000| Untracked 
| 215|0x000000008d700000, 0x000000008d700000, 0x000000008d800000|  0%| F|  |TAMS 0x000000008d700000, 0x000000008d700000| Untracked 
| 216|0x000000008d800000, 0x000000008d800000, 0x000000008d900000|  0%| F|  |TAMS 0x000000008d800000, 0x000000008d800000| Untracked 
| 217|0x000000008d900000, 0x000000008d900000, 0x000000008da00000|  0%| F|  |TAMS 0x000000008d900000, 0x000000008d900000| Untracked 
| 218|0x000000008da00000, 0x000000008da00000, 0x000000008db00000|  0%| F|  |TAMS 0x000000008da00000, 0x000000008da00000| Untracked 
| 219|0x000000008db00000, 0x000000008db00000, 0x000000008dc00000|  0%| F|  |TAMS 0x000000008db00000, 0x000000008db00000| Untracked 
| 220|0x000000008dc00000, 0x000000008dc00000, 0x000000008dd00000|  0%| F|  |TAMS 0x000000008dc00000, 0x000000008dc00000| Untracked 
| 221|0x000000008dd00000, 0x000000008dd00000, 0x000000008de00000|  0%| F|  |TAMS 0x000000008dd00000, 0x000000008dd00000| Untracked 
| 222|0x000000008de00000, 0x000000008de00000, 0x000000008df00000|  0%| F|  |TAMS 0x000000008de00000, 0x000000008de00000| Untracked 
| 223|0x000000008df00000, 0x000000008df00000, 0x000000008e000000|  0%| F|  |TAMS 0x000000008df00000, 0x000000008df00000| Untracked 
| 224|0x000000008e000000, 0x000000008e000000, 0x000000008e100000|  0%| F|  |TAMS 0x000000008e000000, 0x000000008e000000| Untracked 
| 225|0x000000008e100000, 0x000000008e100000, 0x000000008e200000|  0%| F|  |TAMS 0x000000008e100000, 0x000000008e100000| Untracked 
| 226|0x000000008e200000, 0x000000008e200000, 0x000000008e300000|  0%| F|  |TAMS 0x000000008e200000, 0x000000008e200000| Untracked 
| 227|0x000000008e300000, 0x000000008e300000, 0x000000008e400000|  0%| F|  |TAMS 0x000000008e300000, 0x000000008e300000| Untracked 
| 228|0x000000008e400000, 0x000000008e400000, 0x000000008e500000|  0%| F|  |TAMS 0x000000008e400000, 0x000000008e400000| Untracked 
| 229|0x000000008e500000, 0x000000008e600000, 0x000000008e600000|100%| S|CS|TAMS 0x000000008e500000, 0x000000008e500000| Complete 
| 230|0x000000008e600000, 0x000000008e700000, 0x000000008e700000|100%| S|CS|TAMS 0x000000008e600000, 0x000000008e600000| Complete 
| 231|0x000000008e700000, 0x000000008e800000, 0x000000008e800000|100%| S|CS|TAMS 0x000000008e700000, 0x000000008e700000| Complete 
| 232|0x000000008e800000, 0x000000008e900000, 0x000000008e900000|100%| S|CS|TAMS 0x000000008e800000, 0x000000008e800000| Complete 
| 233|0x000000008e900000, 0x000000008ea00000, 0x000000008ea00000|100%| S|CS|TAMS 0x000000008e900000, 0x000000008e900000| Complete 
| 234|0x000000008ea00000, 0x000000008eb00000, 0x000000008eb00000|100%| S|CS|TAMS 0x000000008ea00000, 0x000000008ea00000| Complete 
| 235|0x000000008eb00000, 0x000000008ec00000, 0x000000008ec00000|100%| S|CS|TAMS 0x000000008eb00000, 0x000000008eb00000| Complete 
| 236|0x000000008ec00000, 0x000000008ec00000, 0x000000008ed00000|  0%| F|  |TAMS 0x000000008ec00000, 0x000000008ec00000| Untracked 
| 237|0x000000008ed00000, 0x000000008ed00000, 0x000000008ee00000|  0%| F|  |TAMS 0x000000008ed00000, 0x000000008ed00000| Untracked 
| 238|0x000000008ee00000, 0x000000008ee00000, 0x000000008ef00000|  0%| F|  |TAMS 0x000000008ee00000, 0x000000008ee00000| Untracked 
| 239|0x000000008ef00000, 0x000000008ef00000, 0x000000008f000000|  0%| F|  |TAMS 0x000000008ef00000, 0x000000008ef00000| Untracked 
| 240|0x000000008f000000, 0x000000008f000000, 0x000000008f100000|  0%| F|  |TAMS 0x000000008f000000, 0x000000008f000000| Untracked 
| 241|0x000000008f100000, 0x000000008f100000, 0x000000008f200000|  0%| F|  |TAMS 0x000000008f100000, 0x000000008f100000| Untracked 
| 242|0x000000008f200000, 0x000000008f200000, 0x000000008f300000|  0%| F|  |TAMS 0x000000008f200000, 0x000000008f200000| Untracked 
| 243|0x000000008f300000, 0x000000008f300000, 0x000000008f400000|  0%| F|  |TAMS 0x000000008f300000, 0x000000008f300000| Untracked 
| 244|0x000000008f400000, 0x000000008f400000, 0x000000008f500000|  0%| F|  |TAMS 0x000000008f400000, 0x000000008f400000| Untracked 
| 245|0x000000008f500000, 0x000000008f500000, 0x000000008f600000|  0%| F|  |TAMS 0x000000008f500000, 0x000000008f500000| Untracked 
| 246|0x000000008f600000, 0x000000008f600000, 0x000000008f700000|  0%| F|  |TAMS 0x000000008f600000, 0x000000008f600000| Untracked 
| 247|0x000000008f700000, 0x000000008f700000, 0x000000008f800000|  0%| F|  |TAMS 0x000000008f700000, 0x000000008f700000| Untracked 
| 248|0x000000008f800000, 0x000000008f800000, 0x000000008f900000|  0%| F|  |TAMS 0x000000008f800000, 0x000000008f800000| Untracked 
| 249|0x000000008f900000, 0x000000008f900000, 0x000000008fa00000|  0%| F|  |TAMS 0x000000008f900000, 0x000000008f900000| Untracked 
| 250|0x000000008fa00000, 0x000000008fa00000, 0x000000008fb00000|  0%| F|  |TAMS 0x000000008fa00000, 0x000000008fa00000| Untracked 
| 251|0x000000008fb00000, 0x000000008fb00000, 0x000000008fc00000|  0%| F|  |TAMS 0x000000008fb00000, 0x000000008fb00000| Untracked 
| 252|0x000000008fc00000, 0x000000008fc00000, 0x000000008fd00000|  0%| F|  |TAMS 0x000000008fc00000, 0x000000008fc00000| Untracked 
| 253|0x000000008fd00000, 0x000000008fd00000, 0x000000008fe00000|  0%| F|  |TAMS 0x000000008fd00000, 0x000000008fd00000| Untracked 
| 254|0x000000008fe00000, 0x000000008fe00000, 0x000000008ff00000|  0%| F|  |TAMS 0x000000008fe00000, 0x000000008fe00000| Untracked 
| 255|0x000000008ff00000, 0x000000008ff00000, 0x0000000090000000|  0%| F|  |TAMS 0x000000008ff00000, 0x000000008ff00000| Untracked 
| 256|0x0000000090000000, 0x0000000090000000, 0x0000000090100000|  0%| F|  |TAMS 0x0000000090000000, 0x0000000090000000| Untracked 
| 257|0x0000000090100000, 0x0000000090100000, 0x0000000090200000|  0%| F|  |TAMS 0x0000000090100000, 0x0000000090100000| Untracked 
| 258|0x0000000090200000, 0x0000000090200000, 0x0000000090300000|  0%| F|  |TAMS 0x0000000090200000, 0x0000000090200000| Untracked 
| 259|0x0000000090300000, 0x0000000090300000, 0x0000000090400000|  0%| F|  |TAMS 0x0000000090300000, 0x0000000090300000| Untracked 
| 260|0x0000000090400000, 0x0000000090400000, 0x0000000090500000|  0%| F|  |TAMS 0x0000000090400000, 0x0000000090400000| Untracked 
| 261|0x0000000090500000, 0x0000000090500000, 0x0000000090600000|  0%| F|  |TAMS 0x0000000090500000, 0x0000000090500000| Untracked 
| 262|0x0000000090600000, 0x0000000090600000, 0x0000000090700000|  0%| F|  |TAMS 0x0000000090600000, 0x0000000090600000| Untracked 
| 263|0x0000000090700000, 0x0000000090700000, 0x0000000090800000|  0%| F|  |TAMS 0x0000000090700000, 0x0000000090700000| Untracked 
| 264|0x0000000090800000, 0x0000000090800000, 0x0000000090900000|  0%| F|  |TAMS 0x0000000090800000, 0x0000000090800000| Untracked 
| 265|0x0000000090900000, 0x0000000090900000, 0x0000000090a00000|  0%| F|  |TAMS 0x0000000090900000, 0x0000000090900000| Untracked 
| 266|0x0000000090a00000, 0x0000000090a00000, 0x0000000090b00000|  0%| F|  |TAMS 0x0000000090a00000, 0x0000000090a00000| Untracked 
| 267|0x0000000090b00000, 0x0000000090b00000, 0x0000000090c00000|  0%| F|  |TAMS 0x0000000090b00000, 0x0000000090b00000| Untracked 
| 268|0x0000000090c00000, 0x0000000090c00000, 0x0000000090d00000|  0%| F|  |TAMS 0x0000000090c00000, 0x0000000090c00000| Untracked 
| 269|0x0000000090d00000, 0x0000000090d00000, 0x0000000090e00000|  0%| F|  |TAMS 0x0000000090d00000, 0x0000000090d00000| Untracked 
| 270|0x0000000090e00000, 0x0000000090e00000, 0x0000000090f00000|  0%| F|  |TAMS 0x0000000090e00000, 0x0000000090e00000| Untracked 
| 271|0x0000000090f00000, 0x0000000090f00000, 0x0000000091000000|  0%| F|  |TAMS 0x0000000090f00000, 0x0000000090f00000| Untracked 
| 272|0x0000000091000000, 0x0000000091000000, 0x0000000091100000|  0%| F|  |TAMS 0x0000000091000000, 0x0000000091000000| Untracked 
| 273|0x0000000091100000, 0x0000000091100000, 0x0000000091200000|  0%| F|  |TAMS 0x0000000091100000, 0x0000000091100000| Untracked 
| 274|0x0000000091200000, 0x0000000091200000, 0x0000000091300000|  0%| F|  |TAMS 0x0000000091200000, 0x0000000091200000| Untracked 
| 275|0x0000000091300000, 0x0000000091300000, 0x0000000091400000|  0%| F|  |TAMS 0x0000000091300000, 0x0000000091300000| Untracked 
| 276|0x0000000091400000, 0x0000000091400000, 0x0000000091500000|  0%| F|  |TAMS 0x0000000091400000, 0x0000000091400000| Untracked 
| 277|0x0000000091500000, 0x0000000091500000, 0x0000000091600000|  0%| F|  |TAMS 0x0000000091500000, 0x0000000091500000| Untracked 
| 278|0x0000000091600000, 0x0000000091600000, 0x0000000091700000|  0%| F|  |TAMS 0x0000000091600000, 0x0000000091600000| Untracked 
| 279|0x0000000091700000, 0x0000000091700000, 0x0000000091800000|  0%| F|  |TAMS 0x0000000091700000, 0x0000000091700000| Untracked 
| 280|0x0000000091800000, 0x0000000091800000, 0x0000000091900000|  0%| F|  |TAMS 0x0000000091800000, 0x0000000091800000| Untracked 
| 281|0x0000000091900000, 0x0000000091900000, 0x0000000091a00000|  0%| F|  |TAMS 0x0000000091900000, 0x0000000091900000| Untracked 
| 282|0x0000000091a00000, 0x0000000091a00000, 0x0000000091b00000|  0%| F|  |TAMS 0x0000000091a00000, 0x0000000091a00000| Untracked 
| 283|0x0000000091b00000, 0x0000000091b00000, 0x0000000091c00000|  0%| F|  |TAMS 0x0000000091b00000, 0x0000000091b00000| Untracked 
| 284|0x0000000091c00000, 0x0000000091c00000, 0x0000000091d00000|  0%| F|  |TAMS 0x0000000091c00000, 0x0000000091c00000| Untracked 
| 285|0x0000000091d00000, 0x0000000091e00000, 0x0000000091e00000|100%| E|  |TAMS 0x0000000091d00000, 0x0000000091d00000| Complete 
| 286|0x0000000091e00000, 0x0000000091f00000, 0x0000000091f00000|100%| E|CS|TAMS 0x0000000091e00000, 0x0000000091e00000| Complete 
| 287|0x0000000091f00000, 0x0000000092000000, 0x0000000092000000|100%| E|CS|TAMS 0x0000000091f00000, 0x0000000091f00000| Complete 
| 288|0x0000000092000000, 0x0000000092100000, 0x0000000092100000|100%| E|CS|TAMS 0x0000000092000000, 0x0000000092000000| Complete 
| 289|0x0000000092100000, 0x0000000092200000, 0x0000000092200000|100%| E|CS|TAMS 0x0000000092100000, 0x0000000092100000| Complete 
| 290|0x0000000092200000, 0x0000000092300000, 0x0000000092300000|100%| E|CS|TAMS 0x0000000092200000, 0x0000000092200000| Complete 
| 291|0x0000000092300000, 0x0000000092400000, 0x0000000092400000|100%| E|CS|TAMS 0x0000000092300000, 0x0000000092300000| Complete 
| 292|0x0000000092400000, 0x0000000092500000, 0x0000000092500000|100%| E|CS|TAMS 0x0000000092400000, 0x0000000092400000| Complete 
| 293|0x0000000092500000, 0x0000000092600000, 0x0000000092600000|100%| E|CS|TAMS 0x0000000092500000, 0x0000000092500000| Complete 
| 294|0x0000000092600000, 0x0000000092700000, 0x0000000092700000|100%| E|CS|TAMS 0x0000000092600000, 0x0000000092600000| Complete 
| 295|0x0000000092700000, 0x0000000092800000, 0x0000000092800000|100%| E|CS|TAMS 0x0000000092700000, 0x0000000092700000| Complete 
| 296|0x0000000092800000, 0x0000000092900000, 0x0000000092900000|100%| E|CS|TAMS 0x0000000092800000, 0x0000000092800000| Complete 

Card table byte_map: [0x00000250389d0000,0x0000025038dd0000] _byte_map_base: 0x00000250385d0000

Marking Bits (Prev, Next): (CMBitMap*) 0x0000025020eb3398, (CMBitMap*) 0x0000025020eb33d0
 Prev Bits: [0x00000250391d0000, 0x000002503b1d0000)
 Next Bits: [0x000002503b1d0000, 0x000002503d1d0000)

Polling page: 0x000002501ecf0000

Metaspace:

Usage:
  Non-class:     97.69 MB capacity,    95.09 MB ( 97%) used,     2.27 MB (  2%) free+waste,   335.81 KB ( <1%) overhead. 
      Class:     15.83 MB capacity,    14.28 MB ( 90%) used,     1.39 MB (  9%) free+waste,   155.56 KB ( <1%) overhead. 
       Both:    113.51 MB capacity,   109.37 MB ( 96%) used,     3.66 MB (  3%) free+waste,   491.38 KB ( <1%) overhead. 

Virtual space:
  Non-class space:       98.00 MB reserved,      97.76 MB (>99%) committed 
      Class space:      504.00 MB reserved,      15.95 MB (  3%) committed 
             Both:      602.00 MB reserved,     113.71 MB ( 19%) committed 

Chunk freelists:
   Non-Class:  8.00 KB
       Class:  18.00 KB
        Both:  26.00 KB

MaxMetaspaceSize: 512.00 MB
CompressedClassSpaceSize: 504.00 MB
Initial GC threshold: 20.80 MB
Current GC threshold: 184.72 MB
CDS: off

CodeHeap 'non-profiled nmethods': size=120064Kb used=8956Kb max_used=8956Kb free=111107Kb
 bounds [0x0000025031090000, 0x0000025031950000, 0x00000250385d0000]
CodeHeap 'profiled nmethods': size=120000Kb used=30868Kb max_used=30868Kb free=89131Kb
 bounds [0x0000025029b60000, 0x000002502b990000, 0x0000025031090000]
CodeHeap 'non-nmethods': size=5696Kb used=2397Kb max_used=2450Kb free=3298Kb
 bounds [0x00000250295d0000, 0x0000025029840000, 0x0000025029b60000]
 total_blobs=14659 nmethods=13733 adapters=838
 compilation: enabled
              stopped_count=0, restarted_count=0
 full_count=0

Compilation events (20 events):
Event: 62.384 Thread 0x000002504003d800 13814       3       sun.reflect.generics.parser.SignatureParser::parseClassSignature (37 bytes)
Event: 62.385 Thread 0x000002504003d800 nmethod 13814 0x000002502b97a390 code [0x000002502b97a5a0, 0x000002502b97ab78]
Event: 62.392 Thread 0x0000025040001000 nmethod 13797 0x0000025031949e90 code [0x000002503194a040, 0x000002503194a418]
Event: 62.392 Thread 0x0000025040001000 13815       4       org.objectweb.asm.MethodVisitor::visitInsn (16 bytes)
Event: 62.392 Thread 0x000002504003d800 13816       3       org.gradle.api.services.internal.DefaultBuildServicesRegistry$DefaultServiceRegistration_Decorated::getName (39 bytes)
Event: 62.393 Thread 0x000002504003d800 nmethod 13816 0x000002502b97ad90 code [0x000002502b97af80, 0x000002502b97b2b8]
Event: 62.393 Thread 0x0000025040001000 nmethod 13815 0x000002503194a610 code [0x000002503194a7c0, 0x000002503194a888]
Event: 62.393 Thread 0x0000025040001000 13798       4       com.google.common.collect.AbstractMapBasedMultimap::wrapList (33 bytes)
Event: 62.400 Thread 0x0000025040001000 nmethod 13798 0x000002503194a990 code [0x000002503194ab40, 0x000002503194aed8]
Event: 62.400 Thread 0x0000025040001000 13796       4       com.google.common.collect.AbstractMapBasedMultimap$WrappedCollection::iterator (13 bytes)
Event: 62.410 Thread 0x000002504003d800 13817       3       org.gradle.api.internal.provider.DefaultProperty::value (7 bytes)
Event: 62.411 Thread 0x000002504003d800 nmethod 13817 0x000002502b97b410 code [0x000002502b97b5c0, 0x000002502b97b768]
Event: 62.438 Thread 0x000002504003d800 13819       3       java.lang.Long::toString (139 bytes)
Event: 62.439 Thread 0x000002504003d800 nmethod 13819 0x000002502b97b810 code [0x000002502b97ba40, 0x000002502b97c258]
Event: 62.441 Thread 0x0000025040001000 nmethod 13796 0x000002503194b090 code [0x000002503194b2c0, 0x000002503194bed8]
Event: 62.441 Thread 0x0000025040001000 13818       4       java.lang.StringBuilder::length (5 bytes)
Event: 62.442 Thread 0x0000025040001000 nmethod 13818 0x000002503194c510 code [0x000002503194c6a0, 0x000002503194c6f8]
Event: 62.449 Thread 0x000002504003d800 13820       3       sun.reflect.generics.repository.ClassRepository::computeSuperInterfaces (62 bytes)
Event: 62.450 Thread 0x000002504003d800 nmethod 13820 0x000002502b97c510 code [0x000002502b97c740, 0x000002502b97d0e8]
Event: 62.454 Thread 0x0000025040001000 13821       4       org.gradle.internal.instantiation.generator.AbstractClassGenerator$DslMixInPropertyType::visitProperty (33 bytes)

GC Heap History (20 events):
Event: 53.130 GC heap before
{Heap before GC invocations=52 (full 0):
 garbage-first heap   total 155648K, used 128995K [0x0000000080000000, 0x0000000100000000)
  region size 1024K, 13 young (13312K), 2 survivors (2048K)
 Metaspace       used 97185K, capacity 100426K, committed 100692K, reserved 604160K
  class space    used 12763K, capacity 14053K, committed 14156K, reserved 516096K
}
Event: 53.140 GC heap after
{Heap after GC invocations=53 (full 0):
 garbage-first heap   total 187392K, used 119534K [0x0000000080000000, 0x0000000100000000)
  region size 1024K, 2 young (2048K), 2 survivors (2048K)
 Metaspace       used 97185K, capacity 100426K, committed 100692K, reserved 604160K
  class space    used 12763K, capacity 14053K, committed 14156K, reserved 516096K
}
Event: 53.393 GC heap before
{Heap before GC invocations=54 (full 0):
 garbage-first heap   total 187392K, used 129774K [0x0000000080000000, 0x0000000100000000)
  region size 1024K, 14 young (14336K), 2 survivors (2048K)
 Metaspace       used 97259K, capacity 100574K, committed 100692K, reserved 604160K
  class space    used 12769K, capacity 14061K, committed 14156K, reserved 516096K
}
Event: 53.405 GC heap after
{Heap after GC invocations=55 (full 0):
 garbage-first heap   total 187392K, used 120608K [0x0000000080000000, 0x0000000100000000)
  region size 1024K, 2 young (2048K), 2 survivors (2048K)
 Metaspace       used 97259K, capacity 100574K, committed 100692K, reserved 604160K
  class space    used 12769K, capacity 14061K, committed 14156K, reserved 516096K
}
Event: 54.138 GC heap before
{Heap before GC invocations=56 (full 0):
 garbage-first heap   total 187392K, used 149280K [0x0000000080000000, 0x0000000100000000)
  region size 1024K, 25 young (25600K), 2 survivors (2048K)
 Metaspace       used 98140K, capacity 101632K, committed 101844K, reserved 604160K
  class space    used 12904K, capacity 14240K, committed 14284K, reserved 516096K
}
Event: 54.148 GC heap after
{Heap after GC invocations=57 (full 0):
 garbage-first heap   total 187392K, used 127311K [0x0000000080000000, 0x0000000100000000)
  region size 1024K, 4 young (4096K), 4 survivors (4096K)
 Metaspace       used 98140K, capacity 101632K, committed 101844K, reserved 604160K
  class space    used 12904K, capacity 14240K, committed 14284K, reserved 516096K
}
Event: 54.574 GC heap before
{Heap before GC invocations=57 (full 0):
 garbage-first heap   total 187392K, used 148815K [0x0000000080000000, 0x0000000100000000)
  region size 1024K, 25 young (25600K), 4 survivors (4096K)
 Metaspace       used 99257K, capacity 102845K, committed 103124K, reserved 606208K
  class space    used 13036K, capacity 14411K, committed 14540K, reserved 516096K
}
Event: 54.588 GC heap after
{Heap after GC invocations=58 (full 0):
 garbage-first heap   total 187392K, used 130097K [0x0000000080000000, 0x0000000100000000)
  region size 1024K, 3 young (3072K), 3 survivors (3072K)
 Metaspace       used 99257K, capacity 102845K, committed 103124K, reserved 606208K
  class space    used 13036K, capacity 14411K, committed 14540K, reserved 516096K
}
Event: 55.355 GC heap before
{Heap before GC invocations=59 (full 0):
 garbage-first heap   total 187392K, used 150577K [0x0000000080000000, 0x0000000100000000)
  region size 1024K, 24 young (24576K), 3 survivors (3072K)
 Metaspace       used 99674K, capacity 103256K, committed 103380K, reserved 606208K
  class space    used 13084K, capacity 14495K, committed 14540K, reserved 516096K
}
Event: 55.368 GC heap after
{Heap after GC invocations=60 (full 0):
 garbage-first heap   total 245760K, used 133453K [0x0000000080000000, 0x0000000100000000)
  region size 1024K, 3 young (3072K), 3 survivors (3072K)
 Metaspace       used 99674K, capacity 103256K, committed 103380K, reserved 606208K
  class space    used 13084K, capacity 14495K, committed 14540K, reserved 516096K
}
Event: 56.342 GC heap before
{Heap before GC invocations=60 (full 0):
 garbage-first heap   total 245760K, used 177485K [0x0000000080000000, 0x0000000100000000)
  region size 1024K, 46 young (47104K), 3 survivors (3072K)
 Metaspace       used 101930K, capacity 105726K, committed 105812K, reserved 608256K
  class space    used 13390K, capacity 14878K, committed 14924K, reserved 516096K
}
Event: 56.359 GC heap after
{Heap after GC invocations=61 (full 0):
 garbage-first heap   total 245760K, used 138680K [0x0000000080000000, 0x0000000100000000)
  region size 1024K, 6 young (6144K), 6 survivors (6144K)
 Metaspace       used 101930K, capacity 105726K, committed 105812K, reserved 608256K
  class space    used 13390K, capacity 14878K, committed 14924K, reserved 516096K
}
Event: 57.817 GC heap before
{Heap before GC invocations=62 (full 0):
 garbage-first heap   total 245760K, used 183736K [0x0000000080000000, 0x0000000100000000)
  region size 1024K, 50 young (51200K), 6 survivors (6144K)
 Metaspace       used 105220K, capacity 109246K, committed 109396K, reserved 610304K
  class space    used 13882K, capacity 15411K, committed 15436K, reserved 516096K
}
Event: 57.839 GC heap after
{Heap after GC invocations=63 (full 0):
 garbage-first heap   total 245760K, used 143654K [0x0000000080000000, 0x0000000100000000)
  region size 1024K, 7 young (7168K), 7 survivors (7168K)
 Metaspace       used 105220K, capacity 109246K, committed 109396K, reserved 610304K
  class space    used 13882K, capacity 15411K, committed 15436K, reserved 516096K
}
Event: 59.275 GC heap before
{Heap before GC invocations=63 (full 0):
 garbage-first heap   total 245760K, used 187686K [0x0000000080000000, 0x0000000100000000)
  region size 1024K, 50 young (51200K), 7 survivors (7168K)
 Metaspace       used 109017K, capacity 113092K, committed 113236K, reserved 614400K
  class space    used 14332K, capacity 15904K, committed 15948K, reserved 516096K
}
Event: 59.301 GC heap after
{Heap after GC invocations=64 (full 0):
 garbage-first heap   total 245760K, used 148268K [0x0000000080000000, 0x0000000100000000)
  region size 1024K, 5 young (5120K), 5 survivors (5120K)
 Metaspace       used 109017K, capacity 113092K, committed 113236K, reserved 614400K
  class space    used 14332K, capacity 15904K, committed 15948K, reserved 516096K
}
Event: 61.074 GC heap before
{Heap before GC invocations=65 (full 0):
 garbage-first heap   total 245760K, used 192300K [0x0000000080000000, 0x0000000100000000)
  region size 1024K, 48 young (49152K), 5 survivors (5120K)
 Metaspace       used 109890K, capacity 114162K, committed 114388K, reserved 616448K
  class space    used 14416K, capacity 15999K, committed 16076K, reserved 516096K
}
Event: 61.109 GC heap after
{Heap after GC invocations=66 (full 0):
 garbage-first heap   total 304128K, used 154613K [0x0000000080000000, 0x0000000100000000)
  region size 1024K, 6 young (6144K), 6 survivors (6144K)
 Metaspace       used 109890K, capacity 114162K, committed 114388K, reserved 616448K
  class space    used 14416K, capacity 15999K, committed 16076K, reserved 516096K
}
Event: 62.325 GC heap before
{Heap before GC invocations=66 (full 0):
 garbage-first heap   total 304128K, used 217077K [0x0000000080000000, 0x0000000100000000)
  region size 1024K, 67 young (68608K), 6 survivors (6144K)
 Metaspace       used 111402K, capacity 115670K, committed 115796K, reserved 616448K
  class space    used 14559K, capacity 16170K, committed 16204K, reserved 516096K
}
Event: 62.354 GC heap after
{Heap after GC invocations=67 (full 0):
 garbage-first heap   total 304128K, used 162252K [0x0000000080000000, 0x0000000100000000)
  region size 1024K, 7 young (7168K), 7 survivors (7168K)
 Metaspace       used 111402K, capacity 115670K, committed 115796K, reserved 616448K
  class space    used 14559K, capacity 16170K, committed 16204K, reserved 516096K
}

Deoptimization events (20 events):
Event: 61.690 Thread 0x0000025042baf800 Uncommon trap: trap_request=0xffffffd6 fr.pc=0x00000250318e8678 relative=0x00000000000008b8
Event: 61.690 Thread 0x0000025042baf800 Uncommon trap: reason=array_check action=maybe_recompile pc=0x00000250318e8678 method=java.util.TimSort.binarySort([Ljava/lang/Object;IIILjava/util/Comparator;)V @ 183 c2
Event: 61.690 Thread 0x0000025042baf800 DEOPT PACKING pc=0x00000250318e8678 sp=0x000000ba133f9cd0
Event: 61.690 Thread 0x0000025042baf800 DEOPT UNPACKING pc=0x000002502961a1af sp=0x000000ba133f9c78 mode 2
Event: 62.074 Thread 0x0000025042baf800 Uncommon trap: trap_request=0xfffffff4 fr.pc=0x000002503186d248 relative=0x00000000000002c8
Event: 62.074 Thread 0x0000025042baf800 Uncommon trap: reason=null_check action=make_not_entrant pc=0x000002503186d248 method=org.gradle.internal.instantiation.generator.AbstractClassGenerator.isLazyAttachProperty(Lorg/gradle/internal/instantiation/generator/AbstractClassGenerator$PropertyMetad
Event: 62.074 Thread 0x0000025042baf800 DEOPT PACKING pc=0x000002503186d248 sp=0x000000ba133f9050
Event: 62.074 Thread 0x0000025042baf800 DEOPT UNPACKING pc=0x000002502961a1af sp=0x000000ba133f9010 mode 2
Event: 62.204 Thread 0x0000025042baf800 Uncommon trap: trap_request=0xffffffde fr.pc=0x00000250318e4bf4 relative=0x0000000000000374
Event: 62.204 Thread 0x0000025042baf800 Uncommon trap: reason=class_check action=maybe_recompile pc=0x00000250318e4bf4 method=org.gradle.util.internal.DeferredUtil.unpack(Lorg/gradle/api/internal/provider/ProviderResolutionStrategy;Ljava/lang/Object;)Ljava/lang/Object; @ 20 c2
Event: 62.204 Thread 0x0000025042baf800 DEOPT PACKING pc=0x00000250318e4bf4 sp=0x000000ba133f94e0
Event: 62.204 Thread 0x0000025042baf800 DEOPT UNPACKING pc=0x000002502961a1af sp=0x000000ba133f9460 mode 2
Event: 62.204 Thread 0x0000025042baf800 Uncommon trap: trap_request=0xffffffde fr.pc=0x00000250318e4bf4 relative=0x0000000000000374
Event: 62.204 Thread 0x0000025042baf800 Uncommon trap: reason=class_check action=maybe_recompile pc=0x00000250318e4bf4 method=org.gradle.util.internal.DeferredUtil.unpack(Lorg/gradle/api/internal/provider/ProviderResolutionStrategy;Ljava/lang/Object;)Ljava/lang/Object; @ 20 c2
Event: 62.204 Thread 0x0000025042baf800 DEOPT PACKING pc=0x00000250318e4bf4 sp=0x000000ba133f94e0
Event: 62.204 Thread 0x0000025042baf800 DEOPT UNPACKING pc=0x000002502961a1af sp=0x000000ba133f9460 mode 2
Event: 62.205 Thread 0x0000025042baf800 Uncommon trap: trap_request=0xffffffde fr.pc=0x00000250318e4bf4 relative=0x0000000000000374
Event: 62.205 Thread 0x0000025042baf800 Uncommon trap: reason=class_check action=maybe_recompile pc=0x00000250318e4bf4 method=org.gradle.util.internal.DeferredUtil.unpack(Lorg/gradle/api/internal/provider/ProviderResolutionStrategy;Ljava/lang/Object;)Ljava/lang/Object; @ 20 c2
Event: 62.205 Thread 0x0000025042baf800 DEOPT PACKING pc=0x00000250318e4bf4 sp=0x000000ba133f94e0
Event: 62.205 Thread 0x0000025042baf800 DEOPT UNPACKING pc=0x000002502961a1af sp=0x000000ba133f9460 mode 2

Classes redefined (0 events):
No events

Internal exceptions (20 events):
Event: 56.618 Thread 0x0000025042baf800 Exception <a 'java/lang/ClassNotFoundException'{0x000000008e9353a8}: build_1vf1ushhv9w6iqo1q8vs2otal$_run_closure1Customizer> (0x000000008e9353a8) thrown at [./src/hotspot/share/classfile/systemDictionary.cpp, line 230]
Event: 56.722 Thread 0x0000025042baf800 Exception <a 'java/lang/NoClassDefFoundError'{0x000000008e7b9cb0}: org/jetbrains/kotlin/gradle/plugin/KotlinBasePluginWrapper> (0x000000008e7b9cb0) thrown at [./src/hotspot/share/oops/constantPool.cpp, line 775]
Event: 56.747 Thread 0x0000025042baf800 Implicit null exception at 0x0000025031719399 to 0x0000025031719a64
Event: 56.747 Thread 0x0000025042baf800 Implicit null exception at 0x00000250316a12db to 0x00000250316a1370
Event: 57.330 Thread 0x0000025042baf800 Exception <a 'sun/nio/fs/WindowsException'{0x000000008d5f4d60}> (0x000000008d5f4d60) thrown at [./src/hotspot/share/prims/jni.cpp, line 617]
Event: 57.598 Thread 0x0000025042baf800 Exception <a 'java/lang/NullPointerException'{0x000000008cba69f8}> (0x000000008cba69f8) thrown at [./src/hotspot/share/interpreter/linkResolver.cpp, line 1440]
Event: 57.781 Thread 0x0000025042baf800 Implicit null exception at 0x0000025031463221 to 0x0000025031469168
Event: 58.196 Thread 0x0000025042baf800 Exception <a 'java/lang/NoSuchMethodError'{0x000000008e7c2c60}: 'int java.lang.invoke.DirectMethodHandle$Holder.invokeStatic(java.lang.Object, java.lang.Object, int, java.lang.Object)'> (0x000000008e7c2c60) thrown at [./src/hotspot/share/interpreter/linkResolver.cpp, line 773]
Event: 58.325 Thread 0x0000025042baf800 Exception <a 'sun/nio/fs/WindowsException'{0x000000008e6ebd40}> (0x000000008e6ebd40) thrown at [./src/hotspot/share/prims/jni.cpp, line 617]
Event: 58.325 Thread 0x0000025042baf800 Exception <a 'sun/nio/fs/WindowsException'{0x000000008e6ed110}> (0x000000008e6ed110) thrown at [./src/hotspot/share/prims/jni.cpp, line 617]
Event: 58.326 Thread 0x0000025042baf800 Exception <a 'sun/nio/fs/WindowsException'{0x000000008e6ee518}> (0x000000008e6ee518) thrown at [./src/hotspot/share/prims/jni.cpp, line 617]
Event: 58.326 Thread 0x0000025042baf800 Exception <a 'sun/nio/fs/WindowsException'{0x000000008e6ef920}> (0x000000008e6ef920) thrown at [./src/hotspot/share/prims/jni.cpp, line 617]
Event: 58.676 Thread 0x0000025042baf800 Implicit null exception at 0x00000250318574ce to 0x0000025031857bd8
Event: 59.055 Thread 0x0000025042baf800 Implicit null exception at 0x000002503186d908 to 0x000002503186df10
Event: 59.072 Thread 0x0000025042baf800 Implicit null exception at 0x000002503186f80c to 0x000002503186f8fa
Event: 59.999 Thread 0x0000025042baf800 Implicit null exception at 0x0000025031547b94 to 0x0000025031548104
Event: 60.647 Thread 0x0000025042baf800 Implicit null exception at 0x0000025031876d8f to 0x0000025031877490
Event: 60.650 Thread 0x0000025042baf800 Implicit null exception at 0x0000025031873c2d to 0x0000025031874158
Event: 60.686 Thread 0x0000025042baf800 Exception <a 'java/lang/NoSuchMethodError'{0x000000008d241ee8}: 'int java.lang.invoke.DirectMethodHandle$Holder.invokeStatic(java.lang.Object, int, int, java.lang.Object)'> (0x000000008d241ee8) thrown at [./src/hotspot/share/interpreter/linkResolver.cpp, line 773]
Event: 62.074 Thread 0x0000025042baf800 Implicit null exception at 0x000002503186cfec to 0x000002503186d23c

Events (20 events):
Event: 62.424 loading class org/jetbrains/kotlin/gradle/tasks/KotlinCompile$androidLayoutResources$1
Event: 62.424 loading class org/jetbrains/kotlin/gradle/tasks/KotlinCompile$androidLayoutResources$1 done
Event: 62.441 loading class org/jetbrains/kotlin/gradle/tasks/configuration/AbstractKotlinCompileConfig$2$1
Event: 62.441 loading class org/jetbrains/kotlin/gradle/tasks/configuration/AbstractKotlinCompileConfig$2$1 done
Event: 62.443 loading class org/jetbrains/kotlin/gradle/tasks/configuration/AbstractKotlinCompileConfig$2$2
Event: 62.443 loading class org/jetbrains/kotlin/gradle/tasks/configuration/AbstractKotlinCompileConfig$2$2 done
Event: 62.446 loading class org/jetbrains/kotlin/gradle/tasks/configuration/AbstractKotlinCompileConfig$4$1
Event: 62.446 loading class org/jetbrains/kotlin/gradle/tasks/configuration/AbstractKotlinCompileConfig$4$1 done
Event: 62.447 loading class org/jetbrains/kotlin/gradle/tasks/configuration/AbstractKotlinCompileConfig$4$2
Event: 62.447 loading class org/jetbrains/kotlin/gradle/tasks/configuration/AbstractKotlinCompileConfig$4$2 done
Event: 62.448 loading class org/jetbrains/kotlin/gradle/tasks/configuration/AbstractKotlinCompileConfig$4$3
Event: 62.448 loading class org/jetbrains/kotlin/gradle/tasks/configuration/AbstractKotlinCompileConfig$4$3 done
Event: 62.449 loading class org/jetbrains/kotlin/gradle/tasks/configuration/AbstractKotlinCompileConfig$4$4
Event: 62.449 loading class org/jetbrains/kotlin/gradle/tasks/configuration/AbstractKotlinCompileConfig$4$4 done
Event: 62.450 loading class org/jetbrains/kotlin/gradle/tasks/configuration/AbstractKotlinCompileConfig$4$5
Event: 62.450 loading class org/jetbrains/kotlin/gradle/tasks/configuration/AbstractKotlinCompileConfig$4$5 done
Event: 62.451 loading class org/jetbrains/kotlin/gradle/tasks/configuration/AbstractKotlinCompileConfig$4$6
Event: 62.451 loading class org/jetbrains/kotlin/gradle/tasks/configuration/AbstractKotlinCompileConfig$4$6 done
Event: 62.457 loading class org/jetbrains/kotlin/gradle/tasks/configuration/BaseKotlinCompileConfig$1$1$1
Event: 62.457 loading class org/jetbrains/kotlin/gradle/tasks/configuration/BaseKotlinCompileConfig$1$1$1 done


Dynamic libraries:
0x00007ff7c6f50000 - 0x00007ff7c6f5d000 	C:\Program Files\Microsoft\jdk-11.0.16.101-hotspot\bin\java.exe
0x00007ffbd5a20000 - 0x00007ffbd5c29000 	C:\Windows\SYSTEM32\ntdll.dll
0x00007ffbd43f0000 - 0x00007ffbd44ae000 	C:\Windows\System32\KERNEL32.DLL
0x00007ffbd3290000 - 0x00007ffbd360b000 	C:\Windows\System32\KERNELBASE.dll
0x00007ffbd3170000 - 0x00007ffbd3281000 	C:\Windows\System32\ucrtbase.dll
0x00007ffbc2110000 - 0x00007ffbc2127000 	C:\Program Files\Microsoft\jdk-11.0.16.101-hotspot\bin\jli.dll
0x00007ffbd4890000 - 0x00007ffbd4a3d000 	C:\Windows\System32\USER32.dll
0x00007ffbd3780000 - 0x00007ffbd37a6000 	C:\Windows\System32\win32u.dll
0x00007ffbd3990000 - 0x00007ffbd39b9000 	C:\Windows\System32\GDI32.dll
0x00007ffbd2ef0000 - 0x00007ffbd3008000 	C:\Windows\System32\gdi32full.dll
0x00007ffbd3010000 - 0x00007ffbd30ad000 	C:\Windows\System32\msvcp_win.dll
0x00007ffbd20c0000 - 0x00007ffbd2365000 	C:\Windows\WinSxS\amd64_microsoft.windows.common-controls_6595b64144ccf1df_6.0.22000.120_none_9d947278b86cc467\COMCTL32.dll
0x00007ffbd4e80000 - 0x00007ffbd4f23000 	C:\Windows\System32\msvcrt.dll
0x00007ffbd14d0000 - 0x00007ffbd14e5000 	C:\Program Files\Microsoft\jdk-11.0.16.101-hotspot\bin\VCRUNTIME140.dll
0x00007ffbd3a80000 - 0x00007ffbd3ab2000 	C:\Windows\System32\IMM32.DLL
0x00007ffbc2070000 - 0x00007ffbc210b000 	C:\Program Files\Microsoft\jdk-11.0.16.101-hotspot\bin\msvcp140.dll
0x00007ffb7f670000 - 0x00007ffb801fa000 	C:\Program Files\Microsoft\jdk-11.0.16.101-hotspot\bin\server\jvm.dll
0x00007ffbd4740000 - 0x00007ffbd47ee000 	C:\Windows\System32\ADVAPI32.dll
0x00007ffbd57e0000 - 0x00007ffbd587e000 	C:\Windows\System32\sechost.dll
0x00007ffbd42d0000 - 0x00007ffbd43f0000 	C:\Windows\System32\RPCRT4.dll
0x00007ffbd3da0000 - 0x00007ffbd3da8000 	C:\Windows\System32\PSAPI.DLL
0x00007ffbc2c80000 - 0x00007ffbc2c89000 	C:\Windows\SYSTEM32\WSOCK32.dll
0x00007ffbd4810000 - 0x00007ffbd487f000 	C:\Windows\System32\WS2_32.dll
0x00007ffbc7d70000 - 0x00007ffbc7da3000 	C:\Windows\SYSTEM32\WINMM.dll
0x00007ffbcf250000 - 0x00007ffbcf25a000 	C:\Windows\SYSTEM32\VERSION.dll
0x00007ffbd1120000 - 0x00007ffbd1138000 	C:\Windows\SYSTEM32\kernel.appcore.dll
0x00007ffbd2630000 - 0x00007ffbd2640000 	C:\Program Files\Microsoft\jdk-11.0.16.101-hotspot\bin\verify.dll
0x00007ffbd2890000 - 0x00007ffbd2ab1000 	C:\Windows\SYSTEM32\DBGHELP.DLL
0x00007ffbd2540000 - 0x00007ffbd2571000 	C:\Windows\SYSTEM32\dbgcore.DLL
0x00007ffbd37b0000 - 0x00007ffbd382f000 	C:\Windows\System32\bcryptPrimitives.dll
0x00007ffbc2040000 - 0x00007ffbc2068000 	C:\Program Files\Microsoft\jdk-11.0.16.101-hotspot\bin\java.dll
0x00007ffbc2030000 - 0x00007ffbc203a000 	C:\Program Files\Microsoft\jdk-11.0.16.101-hotspot\bin\jimage.dll
0x00007ffb80510000 - 0x00007ffb80528000 	C:\Program Files\Microsoft\jdk-11.0.16.101-hotspot\bin\zip.dll
0x00007ffbd4f40000 - 0x00007ffbd56f7000 	C:\Windows\System32\SHELL32.dll
0x00007ffbd0130000 - 0x00007ffbd0995000 	C:\Windows\SYSTEM32\windows.storage.dll
0x00007ffbd4aa0000 - 0x00007ffbd4e18000 	C:\Windows\System32\combase.dll
0x00007ffbcffc0000 - 0x00007ffbd0126000 	C:\Windows\SYSTEM32\wintypes.dll
0x00007ffbd38a0000 - 0x00007ffbd398a000 	C:\Windows\System32\SHCORE.dll
0x00007ffbd5980000 - 0x00007ffbd59dd000 	C:\Windows\System32\shlwapi.dll
0x00007ffbd2e20000 - 0x00007ffbd2e41000 	C:\Windows\SYSTEM32\profapi.dll
0x00007ffb804f0000 - 0x00007ffb80509000 	C:\Program Files\Microsoft\jdk-11.0.16.101-hotspot\bin\net.dll
0x00007ffbcc760000 - 0x00007ffbcc874000 	C:\Windows\SYSTEM32\WINHTTP.dll
0x00007ffbd1f00000 - 0x00007ffbd1f67000 	C:\Windows\system32\mswsock.dll
0x00007ffb804d0000 - 0x00007ffb804e3000 	C:\Program Files\Microsoft\jdk-11.0.16.101-hotspot\bin\nio.dll
0x00007ffb804a0000 - 0x00007ffb804c7000 	C:\Users\Engr. Ayan Murad\.gradle\native\e1d6ef7f7dcc3fd88c89a11ec53ec762bb8ba0a96d01ffa2cd45eb1d1d8dd5c5\windows-amd64\native-platform.dll
0x00007ffb7f520000 - 0x00007ffb7f664000 	C:\Users\Engr. Ayan Murad\.gradle\native\0d407fdbe67a94daf76414ababcb853783967236a71b16ec16e742cd7a986fd3\windows-amd64\native-platform-file-events.dll
0x00007ffb80480000 - 0x00007ffb80489000 	C:\Program Files\Microsoft\jdk-11.0.16.101-hotspot\bin\management.dll
0x00007ffb80470000 - 0x00007ffb8047b000 	C:\Program Files\Microsoft\jdk-11.0.16.101-hotspot\bin\management_ext.dll
0x00007ffbd2ba0000 - 0x00007ffbd2bb8000 	C:\Windows\SYSTEM32\CRYPTSP.dll
0x00007ffbd1080000 - 0x00007ffbd10b5000 	C:\Windows\system32\rsaenh.dll
0x00007ffbd1d70000 - 0x00007ffbd1d99000 	C:\Windows\SYSTEM32\USERENV.dll
0x00007ffbd2640000 - 0x00007ffbd2667000 	C:\Windows\SYSTEM32\bcrypt.dll
0x00007ffbd1ec0000 - 0x00007ffbd1ecc000 	C:\Windows\SYSTEM32\CRYPTBASE.dll
0x00007ffbd0c60000 - 0x00007ffbd0c8d000 	C:\Windows\SYSTEM32\IPHLPAPI.DLL
0x00007ffbd4f30000 - 0x00007ffbd4f39000 	C:\Windows\System32\NSI.dll
0x00007ffbccbd0000 - 0x00007ffbccbe9000 	C:\Windows\SYSTEM32\dhcpcsvc6.DLL
0x00007ffbcce20000 - 0x00007ffbcce3e000 	C:\Windows\SYSTEM32\dhcpcsvc.DLL
0x00007ffbd0c90000 - 0x00007ffbd0d78000 	C:\Windows\SYSTEM32\DNSAPI.dll

dbghelp: loaded successfully - version: 4.0.5 - missing functions: none
symbol engine: initialized successfully - sym options: 0x614 - pdb path: .;C:\Program Files\Microsoft\jdk-11.0.16.101-hotspot\bin;C:\Windows\SYSTEM32;C:\Windows\WinSxS\amd64_microsoft.windows.common-controls_6595b64144ccf1df_6.0.22000.120_none_9d947278b86cc467;C:\Program Files\Microsoft\jdk-11.0.16.101-hotspot\bin\server;C:\Users\Engr. Ayan Murad\.gradle\native\e1d6ef7f7dcc3fd88c89a11ec53ec762bb8ba0a96d01ffa2cd45eb1d1d8dd5c5\windows-amd64;C:\Users\Engr. Ayan Murad\.gradle\native\0d407fdbe67a94daf76414ababcb853783967236a71b16ec16e742cd7a986fd3\windows-amd64

VM Arguments:
jvm_args: -XX:MaxMetaspaceSize=512m --add-opens=java.base/java.util=ALL-UNNAMED --add-opens=java.base/java.lang=ALL-UNNAMED --add-opens=java.base/java.lang.invoke=ALL-UNNAMED --add-opens=java.base/java.util=ALL-UNNAMED --add-opens=java.prefs/java.util.prefs=ALL-UNNAMED --add-opens=java.prefs/java.util.prefs=ALL-UNNAMED --add-opens=java.base/java.nio.charset=ALL-UNNAMED --add-opens=java.base/java.net=ALL-UNNAMED --add-opens=java.base/java.util.concurrent.atomic=ALL-UNNAMED -Xmx2048m -Dfile.encoding=windows-1252 -Duser.country=US -Duser.language=en -Duser.variant 
java_command: org.gradle.launcher.daemon.bootstrap.GradleDaemon 7.5.1
java_class_path (initial): C:\Users\Engr. Ayan Murad\.gradle\wrapper\dists\gradle-7.5.1-all\1ehga6e77gqps5uk2kc5kf1vc\gradle-7.5.1\lib\gradle-launcher-7.5.1.jar
Launcher Type: SUN_STANDARD

[Global flags]
     intx CICompilerCount                          = 3                                         {product} {ergonomic}
   size_t CompressedClassSpaceSize                 = 528482304                                 {product} {ergonomic}
     uint ConcGCThreads                            = 1                                         {product} {ergonomic}
     uint G1ConcRefinementThreads                  = 4                                         {product} {ergonomic}
   size_t G1HeapRegionSize                         = 1048576                                   {product} {ergonomic}
    uintx GCDrainStackTargetSize                   = 64                                        {product} {ergonomic}
   size_t InitialHeapSize                          = 132120576                                 {product} {ergonomic}
   size_t MarkStackSize                            = 4194304                                   {product} {ergonomic}
   size_t MaxHeapSize                              = 2147483648                                {product} {command line}
   size_t MaxMetaspaceSize                         = 536870912                                 {product} {command line}
   size_t MaxNewSize                               = 1287651328                                {product} {ergonomic}
   size_t MinHeapDeltaBytes                        = 1048576                                   {product} {ergonomic}
    uintx NonNMethodCodeHeapSize                   = 5830732                                {pd product} {ergonomic}
    uintx NonProfiledCodeHeapSize                  = 122913754                              {pd product} {ergonomic}
    uintx ProfiledCodeHeapSize                     = 122913754                              {pd product} {ergonomic}
    uintx ReservedCodeCacheSize                    = 251658240                              {pd product} {ergonomic}
     bool SegmentedCodeCache                       = true                                      {product} {ergonomic}
     bool UseCompressedClassPointers               = true                                 {lp64_product} {ergonomic}
     bool UseCompressedOops                        = true                                 {lp64_product} {ergonomic}
     bool UseG1GC                                  = true                                      {product} {ergonomic}
     bool UseLargePagesIndividualAllocation        = false                                  {pd product} {ergonomic}

Logging:
Log output configuration:
 #0: stdout all=warning uptime,level,tags
 #1: stderr all=off uptime,level,tags

Environment Variables:
JAVA_HOME=C:\Program Files\Microsoft\jdk-11.0.16.101-hotspot\
CLASSPATH=E:\react native\MyWhatsApp\android\\gradle\wrapper\gradle-wrapper.jar
PATH=E:\react native\MyWhatsApp\android\node_modules\.bin;E:\react native\MyWhatsApp\node_modules\.bin;E:\react native\node_modules\.bin;E:\node_modules\.bin;C:\Program Files\nodejs;E:\react native\MyWhatsApp\node_modules\.bin;E:\react native\MyWhatsApp\node_modules\.bin;E:\react native\node_modules\.bin;E:\node_modules\.bin;C:\Program Files\nodejs\node_modules\npm\node_modules\@npmcli\run-script\lib\node-gyp-bin;C:\Program Files\Microsoft\jdk-11.0.16.101-hotspot\bin;C:\Windows\system32;C:\Windows;C:\Windows\System32\Wbem;C:\Windows\System32\WindowsPowerShell\v1.0\;C:\Windows\System32\OpenSSH\;C:\ProgramData\chocolatey\bin;C:\Program Files\nodejs\;C:\Users\Engr. Ayan Murad\AppData\Local\Android\Sdk\platform-tools;C:\Program Files\Git\cmd;C:\Users\Engr. Ayan Murad\AppData\Local\Microsoft\WindowsApps;C:\Users\Engr. Ayan Murad\AppData\Local\Programs\Microsoft VS Code\bin;C:\Users\Engr. Ayan Murad\AppData\Roaming\npm;C:\Users\Engr. Ayan Murad\AppData\Local\GitHubDesktop\bin
USERNAME=Engr. Ayan Murad
OS=Windows_NT
PROCESSOR_IDENTIFIER=Intel64 Family 6 Model 58 Stepping 9, GenuineIntel
TMP=C:\Users\ENGR~1.AYA\AppData\Local\Temp
TEMP=C:\Users\ENGR~1.AYA\AppData\Local\Temp



---------------  S Y S T E M  ---------------

OS: Windows 11 , 64 bit Build 22000 (10.0.22000.1335)
OS uptime: 0 days 0:02 hours

CPU:total 4 (initial active 4) (2 cores per cpu, 2 threads per core) family 6 model 58 stepping 9 microcode 0x21, cmov, cx8, fxsr, mmx, sse, sse2, sse3, ssse3, sse4.1, sse4.2, popcnt, avx, aes, clmul, erms, ht, tsc, tscinvbit, tscinv

Memory: 4k page, system-wide physical 8055M (3672M free)
TotalPageFile size 16247M (AvailPageFile size 12144M)
current process WorkingSet (physical memory assigned to process): 620M, peak: 621M
current process commit charge ("private bytes"): 661M, peak: 665M

vm_info: OpenJDK 64-Bit Server VM (11.0.16.1+1-LTS) for windows-amd64 JRE (11.0.16.1+1-LTS), built on Aug 20 2022 20:09:04 by "" with MS VC++ 15.9 (VS2017)

END.
